{"timestamp":"2025-10-13T21:52:14.008+0530","level":"INFO","traceId":"","thread":"background-preinit","logger":"o.h.validator.internal.util.Version","message":"HV000001: Hibernate Validator 8.0.3.Final"}
{"timestamp":"2025-10-13T21:52:14.245+0530","level":"INFO","traceId":"","thread":"main","logger":"c.settler.SettlerServiceApplication","message":"Starting SettlerServiceApplication using Java 21.0.8 with PID 14744 (C:\Java-Projects\Crimsontriad\Settler\settler-service-0\target\classes started by Pavan in C:\Java-Projects\Crimsontriad\Settler\settler-service-0)"}
{"timestamp":"2025-10-13T21:52:14.247+0530","level":"DEBUG","traceId":"","thread":"main","logger":"c.settler.SettlerServiceApplication","message":"Running with Spring Boot v3.5.6, Spring v6.2.11"}
{"timestamp":"2025-10-13T21:52:14.250+0530","level":"INFO","traceId":"","thread":"main","logger":"c.settler.SettlerServiceApplication","message":"No active profile set, falling back to 1 default profile: "default""}
{"timestamp":"2025-10-13T21:52:17.929+0530","level":"INFO","traceId":"","thread":"main","logger":"o.s.d.r.c.RepositoryConfigurationDelegate","message":"Multiple Spring Data modules found, entering strict repository configuration mode"}
{"timestamp":"2025-10-13T21:52:17.935+0530","level":"INFO","traceId":"","thread":"main","logger":"o.s.d.r.c.RepositoryConfigurationDelegate","message":"Bootstrapping Spring Data JPA repositories in DEFAULT mode."}
{"timestamp":"2025-10-13T21:52:18.554+0530","level":"INFO","traceId":"","thread":"main","logger":"o.s.d.r.c.RepositoryConfigurationDelegate","message":"Finished Spring Data repository scanning in 587 ms. Found 5 JPA repository interfaces."}
{"timestamp":"2025-10-13T21:52:18.600+0530","level":"INFO","traceId":"","thread":"main","logger":"o.s.d.r.c.RepositoryConfigurationDelegate","message":"Multiple Spring Data modules found, entering strict repository configuration mode"}
{"timestamp":"2025-10-13T21:52:18.603+0530","level":"INFO","traceId":"","thread":"main","logger":"o.s.d.r.c.RepositoryConfigurationDelegate","message":"Bootstrapping Spring Data Redis repositories in DEFAULT mode."}
{"timestamp":"2025-10-13T21:52:18.665+0530","level":"INFO","traceId":"","thread":"main","logger":"o.s.d.r.c.RepositoryConfigurationExtensionSupport","message":"Spring Data Redis - Could not safely identify store assignment for repository candidate interface com.settler.domain.expenses.repo.ExpenseRepository; If you want this repository to be a Redis repository, consider annotating your entities with one of these annotations: org.springframework.data.redis.core.RedisHash (preferred), or consider extending one of the following types with your repository: org.springframework.data.keyvalue.repository.KeyValueRepository"}
{"timestamp":"2025-10-13T21:52:18.666+0530","level":"INFO","traceId":"","thread":"main","logger":"o.s.d.r.c.RepositoryConfigurationExtensionSupport","message":"Spring Data Redis - Could not safely identify store assignment for repository candidate interface com.settler.domain.expenses.repo.ExpenseSplitRepository; If you want this repository to be a Redis repository, consider annotating your entities with one of these annotations: org.springframework.data.redis.core.RedisHash (preferred), or consider extending one of the following types with your repository: org.springframework.data.keyvalue.repository.KeyValueRepository"}
{"timestamp":"2025-10-13T21:52:18.667+0530","level":"INFO","traceId":"","thread":"main","logger":"o.s.d.r.c.RepositoryConfigurationExtensionSupport","message":"Spring Data Redis - Could not safely identify store assignment for repository candidate interface com.settler.domain.groups.repo.GroupRepository; If you want this repository to be a Redis repository, consider annotating your entities with one of these annotations: org.springframework.data.redis.core.RedisHash (preferred), or consider extending one of the following types with your repository: org.springframework.data.keyvalue.repository.KeyValueRepository"}
{"timestamp":"2025-10-13T21:52:18.668+0530","level":"INFO","traceId":"","thread":"main","logger":"o.s.d.r.c.RepositoryConfigurationExtensionSupport","message":"Spring Data Redis - Could not safely identify store assignment for repository candidate interface com.settler.domain.settlements.repo.SettlementRepository; If you want this repository to be a Redis repository, consider annotating your entities with one of these annotations: org.springframework.data.redis.core.RedisHash (preferred), or consider extending one of the following types with your repository: org.springframework.data.keyvalue.repository.KeyValueRepository"}
{"timestamp":"2025-10-13T21:52:18.669+0530","level":"INFO","traceId":"","thread":"main","logger":"o.s.d.r.c.RepositoryConfigurationExtensionSupport","message":"Spring Data Redis - Could not safely identify store assignment for repository candidate interface com.settler.domain.users.repo.UserRepository; If you want this repository to be a Redis repository, consider annotating your entities with one of these annotations: org.springframework.data.redis.core.RedisHash (preferred), or consider extending one of the following types with your repository: org.springframework.data.keyvalue.repository.KeyValueRepository"}
{"timestamp":"2025-10-13T21:52:18.670+0530","level":"INFO","traceId":"","thread":"main","logger":"o.s.d.r.c.RepositoryConfigurationDelegate","message":"Finished Spring Data repository scanning in 35 ms. Found 0 Redis repository interfaces."}
{"timestamp":"2025-10-13T21:52:20.815+0530","level":"INFO","traceId":"","thread":"main","logger":"o.s.b.w.e.tomcat.TomcatWebServer","message":"Tomcat initialized with port 8080 (http)"}
{"timestamp":"2025-10-13T21:52:20.871+0530","level":"INFO","traceId":"","thread":"main","logger":"o.a.coyote.http11.Http11NioProtocol","message":"Initializing ProtocolHandler ["http-nio-8080"]"}
{"timestamp":"2025-10-13T21:52:20.877+0530","level":"INFO","traceId":"","thread":"main","logger":"o.a.catalina.core.StandardService","message":"Starting service [Tomcat]"}
{"timestamp":"2025-10-13T21:52:20.878+0530","level":"INFO","traceId":"","thread":"main","logger":"o.a.catalina.core.StandardEngine","message":"Starting Servlet engine: [Apache Tomcat/10.1.46]"}
{"timestamp":"2025-10-13T21:52:21.051+0530","level":"INFO","traceId":"","thread":"main","logger":"o.a.c.c.C.[Tomcat].[localhost].[/]","message":"Initializing Spring embedded WebApplicationContext"}
{"timestamp":"2025-10-13T21:52:21.051+0530","level":"INFO","traceId":"","thread":"main","logger":"o.s.b.w.s.c.ServletWebServerApplicationContext","message":"Root WebApplicationContext: initialization completed in 6685 ms"}
{"timestamp":"2025-10-13T21:52:22.154+0530","level":"INFO","traceId":"","thread":"main","logger":"com.zaxxer.hikari.HikariDataSource","message":"HikariPool-1 - Starting..."}
{"timestamp":"2025-10-13T21:52:23.169+0530","level":"INFO","traceId":"","thread":"main","logger":"com.zaxxer.hikari.pool.HikariPool","message":"HikariPool-1 - Added connection org.postgresql.jdbc.PgConnection@3af39e7b"}
{"timestamp":"2025-10-13T21:52:23.172+0530","level":"INFO","traceId":"","thread":"main","logger":"com.zaxxer.hikari.HikariDataSource","message":"HikariPool-1 - Start completed."}
{"timestamp":"2025-10-13T21:52:23.259+0530","level":"INFO","traceId":"","thread":"main","logger":"org.flywaydb.core.FlywayExecutor","message":"Database: jdbc:postgresql://localhost:5432/settler (PostgreSQL 18.0)"}
{"timestamp":"2025-10-13T21:52:23.327+0530","level":"WARN","traceId":"","thread":"main","logger":"o.f.c.i.database.base.Database","message":"Flyway upgrade recommended: PostgreSQL 18.0 is newer than this version of Flyway and support has not been tested. The latest supported version of PostgreSQL is 17."}
{"timestamp":"2025-10-13T21:52:23.505+0530","level":"INFO","traceId":"","thread":"main","logger":"o.f.core.internal.command.DbValidate","message":"Successfully validated 4 migrations (execution time 00:00.141s)"}
{"timestamp":"2025-10-13T21:52:23.554+0530","level":"INFO","traceId":"","thread":"main","logger":"o.f.core.internal.command.DbMigrate","message":"Current version of schema "public": 005"}
{"timestamp":"2025-10-13T21:52:23.576+0530","level":"INFO","traceId":"","thread":"main","logger":"o.f.core.internal.command.DbMigrate","message":"Schema "public" is up to date. No migration necessary."}
{"timestamp":"2025-10-13T21:52:23.866+0530","level":"INFO","traceId":"","thread":"main","logger":"o.h.jpa.internal.util.LogHelper","message":"HHH000204: Processing PersistenceUnitInfo [name: default]"}
{"timestamp":"2025-10-13T21:52:24.086+0530","level":"INFO","traceId":"","thread":"main","logger":"org.hibernate.Version","message":"HHH000412: Hibernate ORM core version 6.6.29.Final"}
{"timestamp":"2025-10-13T21:52:24.220+0530","level":"INFO","traceId":"","thread":"main","logger":"o.h.c.i.RegionFactoryInitiator","message":"HHH000026: Second-level cache disabled"}
{"timestamp":"2025-10-13T21:52:25.312+0530","level":"INFO","traceId":"","thread":"main","logger":"o.s.o.j.p.SpringPersistenceUnitInfo","message":"No LoadTimeWeaver setup: ignoring JPA class transformer"}
{"timestamp":"2025-10-13T21:52:25.606+0530","level":"INFO","traceId":"","thread":"main","logger":"o.hibernate.orm.connections.pooling","message":"HHH10001005: Database info:
	Database JDBC URL [Connecting through datasource 'HikariDataSource (HikariPool-1)']
	Database driver: undefined/unknown
	Database version: 18.0
	Autocommit mode: undefined/unknown
	Isolation level: undefined/unknown
	Minimum pool size: undefined/unknown
	Maximum pool size: undefined/unknown"}
{"timestamp":"2025-10-13T21:52:26.797+0530","level":"WARN","traceId":"","thread":"main","logger":"org.hibernate.mapping.RootClass","message":"HHH000038: Composite-id class does not override equals(): com.settler.domain.groups.GroupMember"}
{"timestamp":"2025-10-13T21:52:26.797+0530","level":"WARN","traceId":"","thread":"main","logger":"org.hibernate.mapping.RootClass","message":"HHH000039: Composite-id class does not override hashCode(): com.settler.domain.groups.GroupMember"}
{"timestamp":"2025-10-13T21:52:31.152+0530","level":"INFO","traceId":"","thread":"main","logger":"o.h.e.t.j.p.i.JtaPlatformInitiator","message":"HHH000489: No JTA platform available (set 'hibernate.transaction.jta.platform' to enable JTA platform integration)"}
{"timestamp":"2025-10-13T21:52:31.164+0530","level":"INFO","traceId":"","thread":"main","logger":"o.s.o.j.LocalContainerEntityManagerFactoryBean","message":"Initialized JPA EntityManagerFactory for persistence unit 'default'"}
{"timestamp":"2025-10-13T21:52:33.130+0530","level":"DEBUG","traceId":"","thread":"main","logger":"c.s.c.s.JwtAuthenticationFilter","message":"Filter 'jwtAuthenticationFilter' configured for use"}
{"timestamp":"2025-10-13T21:52:33.138+0530","level":"DEBUG","traceId":"","thread":"main","logger":"c.s.config.filter.E2ERequestFilter","message":"Filter 'e2ERequestFilter' configured for use"}
{"timestamp":"2025-10-13T21:52:33.517+0530","level":"INFO","traceId":"","thread":"main","logger":"c.s.config.flyway.FlywayRepairConfig","message":"🧹 Running Flyway repair before migration..."}
{"timestamp":"2025-10-13T21:52:33.549+0530","level":"WARN","traceId":"","thread":"main","logger":"o.f.c.i.database.base.Database","message":"Flyway upgrade recommended: PostgreSQL 18.0 is newer than this version of Flyway and support has not been tested. The latest supported version of PostgreSQL is 17."}
{"timestamp":"2025-10-13T21:52:33.626+0530","level":"INFO","traceId":"","thread":"main","logger":"o.f.c.i.s.JdbcTableSchemaHistory","message":"Repair of failed migration in Schema History table "public"."flyway_schema_history" not necessary. No failed migration detected."}
{"timestamp":"2025-10-13T21:52:33.664+0530","level":"INFO","traceId":"","thread":"main","logger":"o.f.core.internal.command.DbRepair","message":"Successfully repaired schema history table "public"."flyway_schema_history" (execution time 00:00.101s)."}
{"timestamp":"2025-10-13T21:52:33.683+0530","level":"INFO","traceId":"","thread":"main","logger":"c.s.config.flyway.FlywayRepairConfig","message":"✅ Flyway repair completed successfully."}
{"timestamp":"2025-10-13T21:52:33.687+0530","level":"INFO","traceId":"","thread":"main","logger":"c.s.config.flyway.FlywayRepairConfig","message":"🚀 Running Flyway migration..."}
{"timestamp":"2025-10-13T21:52:33.705+0530","level":"WARN","traceId":"","thread":"main","logger":"o.f.c.i.database.base.Database","message":"Flyway upgrade recommended: PostgreSQL 18.0 is newer than this version of Flyway and support has not been tested. The latest supported version of PostgreSQL is 17."}
{"timestamp":"2025-10-13T21:52:33.785+0530","level":"INFO","traceId":"","thread":"main","logger":"o.f.core.internal.command.DbValidate","message":"Successfully validated 4 migrations (execution time 00:00.077s)"}
{"timestamp":"2025-10-13T21:52:33.809+0530","level":"INFO","traceId":"","thread":"main","logger":"o.f.core.internal.command.DbMigrate","message":"Current version of schema "public": 005"}
{"timestamp":"2025-10-13T21:52:33.811+0530","level":"INFO","traceId":"","thread":"main","logger":"o.f.core.internal.command.DbMigrate","message":"Schema "public" is up to date. No migration necessary."}
{"timestamp":"2025-10-13T21:52:33.824+0530","level":"INFO","traceId":"","thread":"main","logger":"c.s.config.flyway.FlywayRepairConfig","message":"✅ Flyway migration completed successfully."}
{"timestamp":"2025-10-13T21:52:34.090+0530","level":"INFO","traceId":"","thread":"main","logger":"o.s.s.c.a.a.c.InitializeAuthenticationProviderBeanManagerConfigurer$InitializeAuthenticationProviderManagerConfigurer","message":"Global AuthenticationManager configured with AuthenticationProvider bean with name authenticationProvider"}
{"timestamp":"2025-10-13T21:52:34.094+0530","level":"WARN","traceId":"","thread":"main","logger":"o.s.s.c.a.a.c.InitializeUserDetailsBeanManagerConfigurer$InitializeUserDetailsManagerConfigurer","message":"Global AuthenticationManager configured with an AuthenticationProvider bean. UserDetailsService beans will not be used by Spring Security for automatically configuring username/password login. Consider removing the AuthenticationProvider bean. Alternatively, consider using the UserDetailsService in a manually instantiated DaoAuthenticationProvider. If the current configuration is intentional, to turn off this warning, increase the logging level of 'org.springframework.security.config.annotation.authentication.configuration.InitializeUserDetailsBeanManagerConfigurer' to ERROR"}
{"timestamp":"2025-10-13T21:52:34.429+0530","level":"INFO","traceId":"","thread":"main","logger":"o.s.d.j.r.query.QueryEnhancerFactory","message":"Hibernate is in classpath; If applicable, HQL parser will be used."}
{"timestamp":"2025-10-13T21:52:42.686+0530","level":"INFO","traceId":"","thread":"main","logger":"o.a.coyote.http11.Http11NioProtocol","message":"Starting ProtocolHandler ["http-nio-8080"]"}
{"timestamp":"2025-10-13T21:52:42.817+0530","level":"INFO","traceId":"","thread":"main","logger":"o.s.b.w.e.tomcat.TomcatWebServer","message":"Tomcat started on port 8080 (http) with context path '/'"}
{"timestamp":"2025-10-13T21:52:42.837+0530","level":"INFO","traceId":"","thread":"main","logger":"c.settler.SettlerServiceApplication","message":"Started SettlerServiceApplication in 31.116 seconds (process running for 34.247)"}
{"timestamp":"2025-10-13T21:52:43.641+0530","level":"DEBUG","traceId":"","thread":"main","logger":"org.hibernate.SQL","message":"
    select
        u1_0.id,
        u1_0.created_at,
        u1_0.display_name,
        u1_0.email,
        u1_0.password,
        u1_0.role 
    from
        users u1_0 
    where
        u1_0.email=?"}
{"timestamp":"2025-10-13T21:52:43.782+0530","level":"INFO","traceId":"","thread":"main","logger":"c.s.d.u.service.impl.DataInitializer","message":"🟢 Admin user already exists."}
{"timestamp":"2025-10-13T21:52:43.785+0530","level":"INFO","traceId":"","thread":"main","logger":"c.settler.SettlerServiceApplication","message":"✅ Settler Service Started Successfully!"}
{"timestamp":"2025-10-13T21:53:32.011+0530","level":"INFO","traceId":"","thread":"http-nio-8080-exec-1","logger":"o.a.c.c.C.[Tomcat].[localhost].[/]","message":"Initializing Spring DispatcherServlet 'dispatcherServlet'"}
{"timestamp":"2025-10-13T21:53:32.013+0530","level":"INFO","traceId":"","thread":"http-nio-8080-exec-1","logger":"o.s.web.servlet.DispatcherServlet","message":"Initializing Servlet 'dispatcherServlet'"}
{"timestamp":"2025-10-13T21:53:32.018+0530","level":"INFO","traceId":"","thread":"http-nio-8080-exec-1","logger":"o.s.web.servlet.DispatcherServlet","message":"Completed initialization in 5 ms"}
{"timestamp":"2025-10-13T21:53:32.208+0530","level":"DEBUG","traceId":"","thread":"http-nio-8080-exec-1","logger":"org.hibernate.SQL","message":"
    select
        u1_0.id,
        u1_0.created_at,
        u1_0.display_name,
        u1_0.email,
        u1_0.password,
        u1_0.role 
    from
        users u1_0 
    where
        u1_0.email=?"}
{"timestamp":"2025-10-13T21:53:32.350+0530","level":"INFO","traceId":"","thread":"http-nio-8080-exec-1","logger":"c.s.d.g.s.impl.GroupServiceImpl","message":"🆕 Creating group: Room 101, owner: 007a70ed-851e-4192-83c6-d527d45d885e"}
{"timestamp":"2025-10-13T21:53:32.421+0530","level":"DEBUG","traceId":"","thread":"http-nio-8080-exec-1","logger":"org.hibernate.SQL","message":"
    select
        u1_0.id,
        u1_0.created_at,
        u1_0.display_name,
        u1_0.email,
        u1_0.password,
        u1_0.role 
    from
        users u1_0 
    where
        u1_0.id=?"}
{"timestamp":"2025-10-13T21:53:32.523+0530","level":"DEBUG","traceId":"","thread":"http-nio-8080-exec-1","logger":"org.hibernate.SQL","message":"
    select
        null,
        u1_0.created_at,
        u1_0.display_name,
        u1_0.email,
        u1_0.password,
        u1_0.role 
    from
        users u1_0 
    where
        u1_0.id=?"}
{"timestamp":"2025-10-13T21:53:32.599+0530","level":"DEBUG","traceId":"","thread":"http-nio-8080-exec-1","logger":"org.hibernate.SQL","message":"
    insert 
    into
        groups
        (created_at, currency_code, name, owner_id, id) 
    values
        (?, ?, ?, ?, ?)"}
{"timestamp":"2025-10-13T21:53:32.673+0530","level":"INFO","traceId":"","thread":"http-nio-8080-exec-1","logger":"c.s.d.g.s.impl.GroupServiceImpl","message":"✅ Group created successfully: Room 101"}
{"timestamp":"2025-10-13T21:53:58.884+0530","level":"DEBUG","traceId":"","thread":"http-nio-8080-exec-3","logger":"org.hibernate.SQL","message":"
    select
        u1_0.id,
        u1_0.created_at,
        u1_0.display_name,
        u1_0.email,
        u1_0.password,
        u1_0.role 
    from
        users u1_0 
    where
        u1_0.email=?"}
{"timestamp":"2025-10-13T21:57:15.602+0530","level":"DEBUG","traceId":"","thread":"http-nio-8080-exec-8","logger":"org.hibernate.SQL","message":"
    select
        u1_0.id,
        u1_0.created_at,
        u1_0.display_name,
        u1_0.email,
        u1_0.password,
        u1_0.role 
    from
        users u1_0 
    where
        u1_0.email=?"}
{"timestamp":"2025-10-13T21:57:20.503+0530","level":"DEBUG","traceId":"","thread":"http-nio-8080-exec-6","logger":"org.hibernate.SQL","message":"
    select
        u1_0.id,
        u1_0.created_at,
        u1_0.display_name,
        u1_0.email,
        u1_0.password,
        u1_0.role 
    from
        users u1_0 
    where
        u1_0.email=?"}
{"timestamp":"2025-10-13T21:57:29.901+0530","level":"DEBUG","traceId":"","thread":"http-nio-8080-exec-9","logger":"org.hibernate.SQL","message":"
    select
        u1_0.id,
        u1_0.created_at,
        u1_0.display_name,
        u1_0.email,
        u1_0.password,
        u1_0.role 
    from
        users u1_0 
    where
        u1_0.email=?"}
{"timestamp":"2025-10-13T21:57:30.049+0530","level":"DEBUG","traceId":"","thread":"http-nio-8080-exec-9","logger":"org.hibernate.SQL","message":"
    select
        u1_0.id,
        u1_0.created_at,
        u1_0.display_name,
        u1_0.email,
        u1_0.password,
        u1_0.role 
    from
        users u1_0 
    where
        u1_0.email=?"}
{"timestamp":"2025-10-13T21:57:52.306+0530","level":"DEBUG","traceId":"","thread":"http-nio-8080-exec-10","logger":"org.hibernate.SQL","message":"
    select
        u1_0.id,
        u1_0.created_at,
        u1_0.display_name,
        u1_0.email,
        u1_0.password,
        u1_0.role 
    from
        users u1_0 
    where
        u1_0.email=?"}
{"timestamp":"2025-10-13T21:59:05.090+0530","level":"DEBUG","traceId":"","thread":"http-nio-8080-exec-1","logger":"org.hibernate.SQL","message":"
    select
        u1_0.id,
        u1_0.created_at,
        u1_0.display_name,
        u1_0.email,
        u1_0.password,
        u1_0.role 
    from
        users u1_0 
    where
        u1_0.email=?"}
{"timestamp":"2025-10-13T21:59:21.103+0530","level":"DEBUG","traceId":"","thread":"http-nio-8080-exec-4","logger":"org.hibernate.SQL","message":"
    select
        u1_0.id,
        u1_0.created_at,
        u1_0.display_name,
        u1_0.email,
        u1_0.password,
        u1_0.role 
    from
        users u1_0 
    where
        u1_0.email=?"}
{"timestamp":"2025-10-13T22:05:59.101+0530","level":"DEBUG","traceId":"","thread":"http-nio-8080-exec-5","logger":"org.hibernate.SQL","message":"
    select
        u1_0.id,
        u1_0.created_at,
        u1_0.display_name,
        u1_0.email,
        u1_0.password,
        u1_0.role 
    from
        users u1_0 
    where
        u1_0.email=?"}
{"timestamp":"2025-10-13T22:33:05.362+0530","level":"INFO","traceId":"","thread":"SpringApplicationShutdownHook","logger":"o.s.b.w.e.tomcat.GracefulShutdown","message":"Commencing graceful shutdown. Waiting for active requests to complete"}
{"timestamp":"2025-10-13T22:33:05.399+0530","level":"INFO","traceId":"","thread":"tomcat-shutdown","logger":"o.s.b.w.e.tomcat.GracefulShutdown","message":"Graceful shutdown complete"}
{"timestamp":"2025-10-13T22:33:05.944+0530","level":"INFO","traceId":"","thread":"SpringApplicationShutdownHook","logger":"o.s.o.j.LocalContainerEntityManagerFactoryBean","message":"Closing JPA EntityManagerFactory for persistence unit 'default'"}
{"timestamp":"2025-10-13T22:33:05.974+0530","level":"INFO","traceId":"","thread":"SpringApplicationShutdownHook","logger":"com.zaxxer.hikari.HikariDataSource","message":"HikariPool-1 - Shutdown initiated..."}
{"timestamp":"2025-10-13T22:33:06.003+0530","level":"INFO","traceId":"","thread":"SpringApplicationShutdownHook","logger":"com.zaxxer.hikari.HikariDataSource","message":"HikariPool-1 - Shutdown completed."}
{"timestamp":"2025-10-13T22:33:13.358+0530","level":"INFO","traceId":"","thread":"background-preinit","logger":"o.h.validator.internal.util.Version","message":"HV000001: Hibernate Validator 8.0.3.Final"}
{"timestamp":"2025-10-13T22:33:13.497+0530","level":"INFO","traceId":"","thread":"main","logger":"c.settler.SettlerServiceApplication","message":"Starting SettlerServiceApplication using Java 21.0.8 with PID 19244 (C:\Java-Projects\Crimsontriad\Settler\settler-service-0\target\classes started by Pavan in C:\Java-Projects\Crimsontriad\Settler\settler-service-0)"}
{"timestamp":"2025-10-13T22:33:13.498+0530","level":"DEBUG","traceId":"","thread":"main","logger":"c.settler.SettlerServiceApplication","message":"Running with Spring Boot v3.5.6, Spring v6.2.11"}
{"timestamp":"2025-10-13T22:33:13.499+0530","level":"INFO","traceId":"","thread":"main","logger":"c.settler.SettlerServiceApplication","message":"No active profile set, falling back to 1 default profile: "default""}
{"timestamp":"2025-10-13T22:33:15.744+0530","level":"INFO","traceId":"","thread":"main","logger":"o.s.d.r.c.RepositoryConfigurationDelegate","message":"Multiple Spring Data modules found, entering strict repository configuration mode"}
{"timestamp":"2025-10-13T22:33:15.748+0530","level":"INFO","traceId":"","thread":"main","logger":"o.s.d.r.c.RepositoryConfigurationDelegate","message":"Bootstrapping Spring Data JPA repositories in DEFAULT mode."}
{"timestamp":"2025-10-13T22:33:16.167+0530","level":"INFO","traceId":"","thread":"main","logger":"o.s.d.r.c.RepositoryConfigurationDelegate","message":"Finished Spring Data repository scanning in 403 ms. Found 5 JPA repository interfaces."}
{"timestamp":"2025-10-13T22:33:16.202+0530","level":"INFO","traceId":"","thread":"main","logger":"o.s.d.r.c.RepositoryConfigurationDelegate","message":"Multiple Spring Data modules found, entering strict repository configuration mode"}
{"timestamp":"2025-10-13T22:33:16.204+0530","level":"INFO","traceId":"","thread":"main","logger":"o.s.d.r.c.RepositoryConfigurationDelegate","message":"Bootstrapping Spring Data Redis repositories in DEFAULT mode."}
{"timestamp":"2025-10-13T22:33:16.260+0530","level":"INFO","traceId":"","thread":"main","logger":"o.s.d.r.c.RepositoryConfigurationExtensionSupport","message":"Spring Data Redis - Could not safely identify store assignment for repository candidate interface com.settler.domain.expenses.repo.ExpenseRepository; If you want this repository to be a Redis repository, consider annotating your entities with one of these annotations: org.springframework.data.redis.core.RedisHash (preferred), or consider extending one of the following types with your repository: org.springframework.data.keyvalue.repository.KeyValueRepository"}
{"timestamp":"2025-10-13T22:33:16.261+0530","level":"INFO","traceId":"","thread":"main","logger":"o.s.d.r.c.RepositoryConfigurationExtensionSupport","message":"Spring Data Redis - Could not safely identify store assignment for repository candidate interface com.settler.domain.expenses.repo.ExpenseSplitRepository; If you want this repository to be a Redis repository, consider annotating your entities with one of these annotations: org.springframework.data.redis.core.RedisHash (preferred), or consider extending one of the following types with your repository: org.springframework.data.keyvalue.repository.KeyValueRepository"}
{"timestamp":"2025-10-13T22:33:16.261+0530","level":"INFO","traceId":"","thread":"main","logger":"o.s.d.r.c.RepositoryConfigurationExtensionSupport","message":"Spring Data Redis - Could not safely identify store assignment for repository candidate interface com.settler.domain.groups.repo.GroupRepository; If you want this repository to be a Redis repository, consider annotating your entities with one of these annotations: org.springframework.data.redis.core.RedisHash (preferred), or consider extending one of the following types with your repository: org.springframework.data.keyvalue.repository.KeyValueRepository"}
{"timestamp":"2025-10-13T22:33:16.262+0530","level":"INFO","traceId":"","thread":"main","logger":"o.s.d.r.c.RepositoryConfigurationExtensionSupport","message":"Spring Data Redis - Could not safely identify store assignment for repository candidate interface com.settler.domain.settlements.repo.SettlementRepository; If you want this repository to be a Redis repository, consider annotating your entities with one of these annotations: org.springframework.data.redis.core.RedisHash (preferred), or consider extending one of the following types with your repository: org.springframework.data.keyvalue.repository.KeyValueRepository"}
{"timestamp":"2025-10-13T22:33:16.262+0530","level":"INFO","traceId":"","thread":"main","logger":"o.s.d.r.c.RepositoryConfigurationExtensionSupport","message":"Spring Data Redis - Could not safely identify store assignment for repository candidate interface com.settler.domain.users.repo.UserRepository; If you want this repository to be a Redis repository, consider annotating your entities with one of these annotations: org.springframework.data.redis.core.RedisHash (preferred), or consider extending one of the following types with your repository: org.springframework.data.keyvalue.repository.KeyValueRepository"}
{"timestamp":"2025-10-13T22:33:16.262+0530","level":"INFO","traceId":"","thread":"main","logger":"o.s.d.r.c.RepositoryConfigurationDelegate","message":"Finished Spring Data repository scanning in 36 ms. Found 0 Redis repository interfaces."}
{"timestamp":"2025-10-13T22:33:17.550+0530","level":"INFO","traceId":"","thread":"main","logger":"o.s.b.w.e.tomcat.TomcatWebServer","message":"Tomcat initialized with port 8080 (http)"}
{"timestamp":"2025-10-13T22:33:17.577+0530","level":"INFO","traceId":"","thread":"main","logger":"o.a.coyote.http11.Http11NioProtocol","message":"Initializing ProtocolHandler ["http-nio-8080"]"}
{"timestamp":"2025-10-13T22:33:17.580+0530","level":"INFO","traceId":"","thread":"main","logger":"o.a.catalina.core.StandardService","message":"Starting service [Tomcat]"}
{"timestamp":"2025-10-13T22:33:17.580+0530","level":"INFO","traceId":"","thread":"main","logger":"o.a.catalina.core.StandardEngine","message":"Starting Servlet engine: [Apache Tomcat/10.1.46]"}
{"timestamp":"2025-10-13T22:33:17.790+0530","level":"INFO","traceId":"","thread":"main","logger":"o.a.c.c.C.[Tomcat].[localhost].[/]","message":"Initializing Spring embedded WebApplicationContext"}
{"timestamp":"2025-10-13T22:33:17.790+0530","level":"INFO","traceId":"","thread":"main","logger":"o.s.b.w.s.c.ServletWebServerApplicationContext","message":"Root WebApplicationContext: initialization completed in 4193 ms"}
{"timestamp":"2025-10-13T22:33:18.304+0530","level":"INFO","traceId":"","thread":"main","logger":"com.zaxxer.hikari.HikariDataSource","message":"HikariPool-1 - Starting..."}
{"timestamp":"2025-10-13T22:33:18.755+0530","level":"INFO","traceId":"","thread":"main","logger":"com.zaxxer.hikari.pool.HikariPool","message":"HikariPool-1 - Added connection org.postgresql.jdbc.PgConnection@76eadc5a"}
{"timestamp":"2025-10-13T22:33:18.759+0530","level":"INFO","traceId":"","thread":"main","logger":"com.zaxxer.hikari.HikariDataSource","message":"HikariPool-1 - Start completed."}
{"timestamp":"2025-10-13T22:33:18.826+0530","level":"INFO","traceId":"","thread":"main","logger":"org.flywaydb.core.FlywayExecutor","message":"Database: jdbc:postgresql://localhost:5432/settler (PostgreSQL 18.0)"}
{"timestamp":"2025-10-13T22:33:18.873+0530","level":"WARN","traceId":"","thread":"main","logger":"o.f.c.i.database.base.Database","message":"Flyway upgrade recommended: PostgreSQL 18.0 is newer than this version of Flyway and support has not been tested. The latest supported version of PostgreSQL is 17."}
{"timestamp":"2025-10-13T22:33:18.978+0530","level":"INFO","traceId":"","thread":"main","logger":"o.f.core.internal.command.DbValidate","message":"Successfully validated 4 migrations (execution time 00:00.075s)"}
{"timestamp":"2025-10-13T22:33:19.004+0530","level":"INFO","traceId":"","thread":"main","logger":"o.f.core.internal.command.DbMigrate","message":"Current version of schema "public": 005"}
{"timestamp":"2025-10-13T22:33:19.015+0530","level":"INFO","traceId":"","thread":"main","logger":"o.f.core.internal.command.DbMigrate","message":"Schema "public" is up to date. No migration necessary."}
{"timestamp":"2025-10-13T22:33:19.224+0530","level":"INFO","traceId":"","thread":"main","logger":"o.h.jpa.internal.util.LogHelper","message":"HHH000204: Processing PersistenceUnitInfo [name: default]"}
{"timestamp":"2025-10-13T22:33:19.410+0530","level":"INFO","traceId":"","thread":"main","logger":"org.hibernate.Version","message":"HHH000412: Hibernate ORM core version 6.6.29.Final"}
{"timestamp":"2025-10-13T22:33:19.642+0530","level":"INFO","traceId":"","thread":"main","logger":"o.h.c.i.RegionFactoryInitiator","message":"HHH000026: Second-level cache disabled"}
{"timestamp":"2025-10-13T22:33:20.286+0530","level":"INFO","traceId":"","thread":"main","logger":"o.s.o.j.p.SpringPersistenceUnitInfo","message":"No LoadTimeWeaver setup: ignoring JPA class transformer"}
{"timestamp":"2025-10-13T22:33:20.464+0530","level":"INFO","traceId":"","thread":"main","logger":"o.hibernate.orm.connections.pooling","message":"HHH10001005: Database info:
	Database JDBC URL [Connecting through datasource 'HikariDataSource (HikariPool-1)']
	Database driver: undefined/unknown
	Database version: 18.0
	Autocommit mode: undefined/unknown
	Isolation level: undefined/unknown
	Minimum pool size: undefined/unknown
	Maximum pool size: undefined/unknown"}
{"timestamp":"2025-10-13T22:33:21.141+0530","level":"WARN","traceId":"","thread":"main","logger":"org.hibernate.mapping.RootClass","message":"HHH000038: Composite-id class does not override equals(): com.settler.domain.groups.GroupMember"}
{"timestamp":"2025-10-13T22:33:21.141+0530","level":"WARN","traceId":"","thread":"main","logger":"org.hibernate.mapping.RootClass","message":"HHH000039: Composite-id class does not override hashCode(): com.settler.domain.groups.GroupMember"}
{"timestamp":"2025-10-13T22:33:22.343+0530","level":"INFO","traceId":"","thread":"main","logger":"o.h.e.t.j.p.i.JtaPlatformInitiator","message":"HHH000489: No JTA platform available (set 'hibernate.transaction.jta.platform' to enable JTA platform integration)"}
{"timestamp":"2025-10-13T22:33:22.347+0530","level":"INFO","traceId":"","thread":"main","logger":"o.s.o.j.LocalContainerEntityManagerFactoryBean","message":"Initialized JPA EntityManagerFactory for persistence unit 'default'"}
{"timestamp":"2025-10-13T22:33:23.115+0530","level":"DEBUG","traceId":"","thread":"main","logger":"c.s.c.s.JwtAuthenticationFilter","message":"Filter 'jwtAuthenticationFilter' configured for use"}
{"timestamp":"2025-10-13T22:33:23.115+0530","level":"DEBUG","traceId":"","thread":"main","logger":"c.s.config.filter.E2ERequestFilter","message":"Filter 'e2ERequestFilter' configured for use"}
{"timestamp":"2025-10-13T22:33:23.165+0530","level":"INFO","traceId":"","thread":"main","logger":"c.s.config.flyway.FlywayRepairConfig","message":"🧹 Running Flyway repair before migration..."}
{"timestamp":"2025-10-13T22:33:23.167+0530","level":"WARN","traceId":"","thread":"main","logger":"o.f.c.i.database.base.Database","message":"Flyway upgrade recommended: PostgreSQL 18.0 is newer than this version of Flyway and support has not been tested. The latest supported version of PostgreSQL is 17."}
{"timestamp":"2025-10-13T22:33:23.178+0530","level":"INFO","traceId":"","thread":"main","logger":"o.f.c.i.s.JdbcTableSchemaHistory","message":"Repair of failed migration in Schema History table "public"."flyway_schema_history" not necessary. No failed migration detected."}
{"timestamp":"2025-10-13T22:33:23.183+0530","level":"INFO","traceId":"","thread":"main","logger":"o.f.core.internal.command.DbRepair","message":"Successfully repaired schema history table "public"."flyway_schema_history" (execution time 00:00.012s)."}
{"timestamp":"2025-10-13T22:33:23.190+0530","level":"INFO","traceId":"","thread":"main","logger":"c.s.config.flyway.FlywayRepairConfig","message":"✅ Flyway repair completed successfully."}
{"timestamp":"2025-10-13T22:33:23.190+0530","level":"INFO","traceId":"","thread":"main","logger":"c.s.config.flyway.FlywayRepairConfig","message":"🚀 Running Flyway migration..."}
{"timestamp":"2025-10-13T22:33:23.194+0530","level":"WARN","traceId":"","thread":"main","logger":"o.f.c.i.database.base.Database","message":"Flyway upgrade recommended: PostgreSQL 18.0 is newer than this version of Flyway and support has not been tested. The latest supported version of PostgreSQL is 17."}
{"timestamp":"2025-10-13T22:33:23.198+0530","level":"INFO","traceId":"","thread":"main","logger":"o.f.core.internal.command.DbValidate","message":"Successfully validated 4 migrations (execution time 00:00.006s)"}
{"timestamp":"2025-10-13T22:33:23.207+0530","level":"INFO","traceId":"","thread":"main","logger":"o.f.core.internal.command.DbMigrate","message":"Current version of schema "public": 005"}
{"timestamp":"2025-10-13T22:33:23.207+0530","level":"INFO","traceId":"","thread":"main","logger":"o.f.core.internal.command.DbMigrate","message":"Schema "public" is up to date. No migration necessary."}
{"timestamp":"2025-10-13T22:33:23.212+0530","level":"INFO","traceId":"","thread":"main","logger":"c.s.config.flyway.FlywayRepairConfig","message":"✅ Flyway migration completed successfully."}
{"timestamp":"2025-10-13T22:33:23.298+0530","level":"INFO","traceId":"","thread":"main","logger":"o.s.s.c.a.a.c.InitializeAuthenticationProviderBeanManagerConfigurer$InitializeAuthenticationProviderManagerConfigurer","message":"Global AuthenticationManager configured with AuthenticationProvider bean with name authenticationProvider"}
{"timestamp":"2025-10-13T22:33:23.298+0530","level":"WARN","traceId":"","thread":"main","logger":"o.s.s.c.a.a.c.InitializeUserDetailsBeanManagerConfigurer$InitializeUserDetailsManagerConfigurer","message":"Global AuthenticationManager configured with an AuthenticationProvider bean. UserDetailsService beans will not be used by Spring Security for automatically configuring username/password login. Consider removing the AuthenticationProvider bean. Alternatively, consider using the UserDetailsService in a manually instantiated DaoAuthenticationProvider. If the current configuration is intentional, to turn off this warning, increase the logging level of 'org.springframework.security.config.annotation.authentication.configuration.InitializeUserDetailsBeanManagerConfigurer' to ERROR"}
{"timestamp":"2025-10-13T22:33:23.382+0530","level":"INFO","traceId":"","thread":"main","logger":"o.s.d.j.r.query.QueryEnhancerFactory","message":"Hibernate is in classpath; If applicable, HQL parser will be used."}
{"timestamp":"2025-10-13T22:33:26.921+0530","level":"INFO","traceId":"","thread":"main","logger":"o.a.coyote.http11.Http11NioProtocol","message":"Starting ProtocolHandler ["http-nio-8080"]"}
{"timestamp":"2025-10-13T22:33:26.951+0530","level":"INFO","traceId":"","thread":"main","logger":"o.s.b.w.e.tomcat.TomcatWebServer","message":"Tomcat started on port 8080 (http) with context path '/'"}
{"timestamp":"2025-10-13T22:33:26.965+0530","level":"INFO","traceId":"","thread":"main","logger":"c.settler.SettlerServiceApplication","message":"Started SettlerServiceApplication in 15.222 seconds (process running for 17.739)"}
{"timestamp":"2025-10-13T22:33:27.128+0530","level":"DEBUG","traceId":"","thread":"main","logger":"org.hibernate.SQL","message":"
    select
        u1_0.id,
        u1_0.created_at,
        u1_0.display_name,
        u1_0.email,
        u1_0.password,
        u1_0.role 
    from
        users u1_0 
    where
        u1_0.email=?"}
{"timestamp":"2025-10-13T22:33:27.206+0530","level":"INFO","traceId":"","thread":"main","logger":"c.s.d.u.service.impl.DataInitializer","message":"🟢 Admin user already exists."}
{"timestamp":"2025-10-13T22:33:27.208+0530","level":"INFO","traceId":"","thread":"main","logger":"c.settler.SettlerServiceApplication","message":"✅ Settler Service Started Successfully!"}
{"timestamp":"2025-10-13T22:34:03.976+0530","level":"INFO","traceId":"","thread":"http-nio-8080-exec-2","logger":"o.a.c.c.C.[Tomcat].[localhost].[/]","message":"Initializing Spring DispatcherServlet 'dispatcherServlet'"}
{"timestamp":"2025-10-13T22:34:03.976+0530","level":"INFO","traceId":"","thread":"http-nio-8080-exec-2","logger":"o.s.web.servlet.DispatcherServlet","message":"Initializing Servlet 'dispatcherServlet'"}
{"timestamp":"2025-10-13T22:34:03.982+0530","level":"INFO","traceId":"","thread":"http-nio-8080-exec-2","logger":"o.s.web.servlet.DispatcherServlet","message":"Completed initialization in 6 ms"}
{"timestamp":"2025-10-13T22:34:04.151+0530","level":"DEBUG","traceId":"","thread":"http-nio-8080-exec-2","logger":"org.hibernate.SQL","message":"
    select
        u1_0.id,
        u1_0.created_at,
        u1_0.display_name,
        u1_0.email,
        u1_0.password,
        u1_0.role 
    from
        users u1_0 
    where
        u1_0.email=?"}
{"timestamp":"2025-10-13T22:34:04.246+0530","level":"INFO","traceId":"","thread":"http-nio-8080-exec-2","logger":"c.s.d.g.s.impl.GroupServiceImpl","message":"📋 Fetching groups for user: 007a70ed-851e-4192-83c6-d527d45d885e"}
{"timestamp":"2025-10-13T22:34:04.257+0530","level":"DEBUG","traceId":"","thread":"http-nio-8080-exec-2","logger":"org.hibernate.SQL","message":"
    select
        g1_0.id,
        g1_0.created_at,
        g1_0.currency_code,
        g1_0.name,
        g1_0.owner_id 
    from
        groups g1_0 
    left join
        users o1_0 
            on o1_0.id=g1_0.owner_id 
    where
        o1_0.id=?"}
{"timestamp":"2025-10-13T23:26:37.393+0530","level":"WARN","traceId":"","thread":"HikariPool-1:housekeeper","logger":"com.zaxxer.hikari.pool.HikariPool","message":"HikariPool-1 - Thread starvation or clock leap detected (housekeeper delta=27m48s138ms141µs200ns)."}
{"timestamp":"2025-10-13T23:33:56.491+0530","level":"INFO","traceId":"","thread":"SpringApplicationShutdownHook","logger":"o.s.b.w.e.tomcat.GracefulShutdown","message":"Commencing graceful shutdown. Waiting for active requests to complete"}
{"timestamp":"2025-10-13T23:33:56.570+0530","level":"INFO","traceId":"","thread":"tomcat-shutdown","logger":"o.s.b.w.e.tomcat.GracefulShutdown","message":"Graceful shutdown complete"}
{"timestamp":"2025-10-13T23:33:57.057+0530","level":"INFO","traceId":"","thread":"SpringApplicationShutdownHook","logger":"o.s.o.j.LocalContainerEntityManagerFactoryBean","message":"Closing JPA EntityManagerFactory for persistence unit 'default'"}
{"timestamp":"2025-10-13T23:33:57.215+0530","level":"INFO","traceId":"","thread":"SpringApplicationShutdownHook","logger":"com.zaxxer.hikari.HikariDataSource","message":"HikariPool-1 - Shutdown initiated..."}
{"timestamp":"2025-10-13T23:33:57.303+0530","level":"INFO","traceId":"","thread":"SpringApplicationShutdownHook","logger":"com.zaxxer.hikari.HikariDataSource","message":"HikariPool-1 - Shutdown completed."}
{"timestamp":"2025-10-13T23:34:04.022+0530","level":"INFO","traceId":"","thread":"background-preinit","logger":"o.h.validator.internal.util.Version","message":"HV000001: Hibernate Validator 8.0.3.Final"}
{"timestamp":"2025-10-13T23:34:04.184+0530","level":"INFO","traceId":"","thread":"main","logger":"c.settler.SettlerServiceApplication","message":"Starting SettlerServiceApplication using Java 21.0.8 with PID 14576 (C:\Java-Projects\Crimsontriad\Settler\settler-service-0\target\classes started by Pavan in C:\Java-Projects\Crimsontriad\Settler\settler-service-0)"}
{"timestamp":"2025-10-13T23:34:04.185+0530","level":"DEBUG","traceId":"","thread":"main","logger":"c.settler.SettlerServiceApplication","message":"Running with Spring Boot v3.5.6, Spring v6.2.11"}
{"timestamp":"2025-10-13T23:34:04.188+0530","level":"INFO","traceId":"","thread":"main","logger":"c.settler.SettlerServiceApplication","message":"No active profile set, falling back to 1 default profile: "default""}
{"timestamp":"2025-10-13T23:34:06.584+0530","level":"INFO","traceId":"","thread":"main","logger":"o.s.d.r.c.RepositoryConfigurationDelegate","message":"Multiple Spring Data modules found, entering strict repository configuration mode"}
{"timestamp":"2025-10-13T23:34:06.590+0530","level":"INFO","traceId":"","thread":"main","logger":"o.s.d.r.c.RepositoryConfigurationDelegate","message":"Bootstrapping Spring Data JPA repositories in DEFAULT mode."}
{"timestamp":"2025-10-13T23:34:07.033+0530","level":"INFO","traceId":"","thread":"main","logger":"o.s.d.r.c.RepositoryConfigurationDelegate","message":"Finished Spring Data repository scanning in 423 ms. Found 5 JPA repository interfaces."}
{"timestamp":"2025-10-13T23:34:07.075+0530","level":"INFO","traceId":"","thread":"main","logger":"o.s.d.r.c.RepositoryConfigurationDelegate","message":"Multiple Spring Data modules found, entering strict repository configuration mode"}
{"timestamp":"2025-10-13T23:34:07.078+0530","level":"INFO","traceId":"","thread":"main","logger":"o.s.d.r.c.RepositoryConfigurationDelegate","message":"Bootstrapping Spring Data Redis repositories in DEFAULT mode."}
{"timestamp":"2025-10-13T23:34:07.141+0530","level":"INFO","traceId":"","thread":"main","logger":"o.s.d.r.c.RepositoryConfigurationExtensionSupport","message":"Spring Data Redis - Could not safely identify store assignment for repository candidate interface com.settler.domain.expenses.repo.ExpenseRepository; If you want this repository to be a Redis repository, consider annotating your entities with one of these annotations: org.springframework.data.redis.core.RedisHash (preferred), or consider extending one of the following types with your repository: org.springframework.data.keyvalue.repository.KeyValueRepository"}
{"timestamp":"2025-10-13T23:34:07.142+0530","level":"INFO","traceId":"","thread":"main","logger":"o.s.d.r.c.RepositoryConfigurationExtensionSupport","message":"Spring Data Redis - Could not safely identify store assignment for repository candidate interface com.settler.domain.expenses.repo.ExpenseSplitRepository; If you want this repository to be a Redis repository, consider annotating your entities with one of these annotations: org.springframework.data.redis.core.RedisHash (preferred), or consider extending one of the following types with your repository: org.springframework.data.keyvalue.repository.KeyValueRepository"}
{"timestamp":"2025-10-13T23:34:07.144+0530","level":"INFO","traceId":"","thread":"main","logger":"o.s.d.r.c.RepositoryConfigurationExtensionSupport","message":"Spring Data Redis - Could not safely identify store assignment for repository candidate interface com.settler.domain.groups.repo.GroupRepository; If you want this repository to be a Redis repository, consider annotating your entities with one of these annotations: org.springframework.data.redis.core.RedisHash (preferred), or consider extending one of the following types with your repository: org.springframework.data.keyvalue.repository.KeyValueRepository"}
{"timestamp":"2025-10-13T23:34:07.145+0530","level":"INFO","traceId":"","thread":"main","logger":"o.s.d.r.c.RepositoryConfigurationExtensionSupport","message":"Spring Data Redis - Could not safely identify store assignment for repository candidate interface com.settler.domain.settlements.repo.SettlementRepository; If you want this repository to be a Redis repository, consider annotating your entities with one of these annotations: org.springframework.data.redis.core.RedisHash (preferred), or consider extending one of the following types with your repository: org.springframework.data.keyvalue.repository.KeyValueRepository"}
{"timestamp":"2025-10-13T23:34:07.146+0530","level":"INFO","traceId":"","thread":"main","logger":"o.s.d.r.c.RepositoryConfigurationExtensionSupport","message":"Spring Data Redis - Could not safely identify store assignment for repository candidate interface com.settler.domain.users.repo.UserRepository; If you want this repository to be a Redis repository, consider annotating your entities with one of these annotations: org.springframework.data.redis.core.RedisHash (preferred), or consider extending one of the following types with your repository: org.springframework.data.keyvalue.repository.KeyValueRepository"}
{"timestamp":"2025-10-13T23:34:07.148+0530","level":"INFO","traceId":"","thread":"main","logger":"o.s.d.r.c.RepositoryConfigurationDelegate","message":"Finished Spring Data repository scanning in 41 ms. Found 0 Redis repository interfaces."}
{"timestamp":"2025-10-13T23:34:08.548+0530","level":"INFO","traceId":"","thread":"main","logger":"o.s.b.w.e.tomcat.TomcatWebServer","message":"Tomcat initialized with port 8080 (http)"}
{"timestamp":"2025-10-13T23:34:08.573+0530","level":"INFO","traceId":"","thread":"main","logger":"o.a.coyote.http11.Http11NioProtocol","message":"Initializing ProtocolHandler ["http-nio-8080"]"}
{"timestamp":"2025-10-13T23:34:08.575+0530","level":"INFO","traceId":"","thread":"main","logger":"o.a.catalina.core.StandardService","message":"Starting service [Tomcat]"}
{"timestamp":"2025-10-13T23:34:08.576+0530","level":"INFO","traceId":"","thread":"main","logger":"o.a.catalina.core.StandardEngine","message":"Starting Servlet engine: [Apache Tomcat/10.1.46]"}
{"timestamp":"2025-10-13T23:34:08.691+0530","level":"INFO","traceId":"","thread":"main","logger":"o.a.c.c.C.[Tomcat].[localhost].[/]","message":"Initializing Spring embedded WebApplicationContext"}
{"timestamp":"2025-10-13T23:34:08.691+0530","level":"INFO","traceId":"","thread":"main","logger":"o.s.b.w.s.c.ServletWebServerApplicationContext","message":"Root WebApplicationContext: initialization completed in 4394 ms"}
{"timestamp":"2025-10-13T23:34:09.206+0530","level":"INFO","traceId":"","thread":"main","logger":"com.zaxxer.hikari.HikariDataSource","message":"HikariPool-1 - Starting..."}
{"timestamp":"2025-10-13T23:34:09.561+0530","level":"INFO","traceId":"","thread":"main","logger":"com.zaxxer.hikari.pool.HikariPool","message":"HikariPool-1 - Added connection org.postgresql.jdbc.PgConnection@2773504f"}
{"timestamp":"2025-10-13T23:34:09.564+0530","level":"INFO","traceId":"","thread":"main","logger":"com.zaxxer.hikari.HikariDataSource","message":"HikariPool-1 - Start completed."}
{"timestamp":"2025-10-13T23:34:09.630+0530","level":"INFO","traceId":"","thread":"main","logger":"org.flywaydb.core.FlywayExecutor","message":"Database: jdbc:postgresql://localhost:5432/settler (PostgreSQL 18.0)"}
{"timestamp":"2025-10-13T23:34:09.666+0530","level":"WARN","traceId":"","thread":"main","logger":"o.f.c.i.database.base.Database","message":"Flyway upgrade recommended: PostgreSQL 18.0 is newer than this version of Flyway and support has not been tested. The latest supported version of PostgreSQL is 17."}
{"timestamp":"2025-10-13T23:34:09.765+0530","level":"INFO","traceId":"","thread":"main","logger":"o.f.core.internal.command.DbValidate","message":"Successfully validated 4 migrations (execution time 00:00.071s)"}
{"timestamp":"2025-10-13T23:34:09.792+0530","level":"INFO","traceId":"","thread":"main","logger":"o.f.core.internal.command.DbMigrate","message":"Current version of schema "public": 005"}
{"timestamp":"2025-10-13T23:34:09.802+0530","level":"INFO","traceId":"","thread":"main","logger":"o.f.core.internal.command.DbMigrate","message":"Schema "public" is up to date. No migration necessary."}
{"timestamp":"2025-10-13T23:34:09.987+0530","level":"INFO","traceId":"","thread":"main","logger":"o.h.jpa.internal.util.LogHelper","message":"HHH000204: Processing PersistenceUnitInfo [name: default]"}
{"timestamp":"2025-10-13T23:34:10.135+0530","level":"INFO","traceId":"","thread":"main","logger":"org.hibernate.Version","message":"HHH000412: Hibernate ORM core version 6.6.29.Final"}
{"timestamp":"2025-10-13T23:34:10.225+0530","level":"INFO","traceId":"","thread":"main","logger":"o.h.c.i.RegionFactoryInitiator","message":"HHH000026: Second-level cache disabled"}
{"timestamp":"2025-10-13T23:34:11.004+0530","level":"INFO","traceId":"","thread":"main","logger":"o.s.o.j.p.SpringPersistenceUnitInfo","message":"No LoadTimeWeaver setup: ignoring JPA class transformer"}
{"timestamp":"2025-10-13T23:34:11.231+0530","level":"INFO","traceId":"","thread":"main","logger":"o.hibernate.orm.connections.pooling","message":"HHH10001005: Database info:
	Database JDBC URL [Connecting through datasource 'HikariDataSource (HikariPool-1)']
	Database driver: undefined/unknown
	Database version: 18.0
	Autocommit mode: undefined/unknown
	Isolation level: undefined/unknown
	Minimum pool size: undefined/unknown
	Maximum pool size: undefined/unknown"}
{"timestamp":"2025-10-13T23:34:12.736+0530","level":"WARN","traceId":"","thread":"main","logger":"org.hibernate.mapping.RootClass","message":"HHH000038: Composite-id class does not override equals(): com.settler.domain.groups.GroupMember"}
{"timestamp":"2025-10-13T23:34:12.738+0530","level":"WARN","traceId":"","thread":"main","logger":"org.hibernate.mapping.RootClass","message":"HHH000039: Composite-id class does not override hashCode(): com.settler.domain.groups.GroupMember"}
{"timestamp":"2025-10-13T23:34:14.203+0530","level":"INFO","traceId":"","thread":"main","logger":"o.h.e.t.j.p.i.JtaPlatformInitiator","message":"HHH000489: No JTA platform available (set 'hibernate.transaction.jta.platform' to enable JTA platform integration)"}
{"timestamp":"2025-10-13T23:34:14.211+0530","level":"INFO","traceId":"","thread":"main","logger":"o.s.o.j.LocalContainerEntityManagerFactoryBean","message":"Initialized JPA EntityManagerFactory for persistence unit 'default'"}
{"timestamp":"2025-10-13T23:34:14.839+0530","level":"DEBUG","traceId":"","thread":"main","logger":"c.s.c.s.JwtAuthenticationFilter","message":"Filter 'jwtAuthenticationFilter' configured for use"}
{"timestamp":"2025-10-13T23:34:14.840+0530","level":"DEBUG","traceId":"","thread":"main","logger":"c.s.config.filter.E2ERequestFilter","message":"Filter 'e2ERequestFilter' configured for use"}
{"timestamp":"2025-10-13T23:34:14.893+0530","level":"INFO","traceId":"","thread":"main","logger":"c.s.config.flyway.FlywayRepairConfig","message":"🧹 Running Flyway repair before migration..."}
{"timestamp":"2025-10-13T23:34:14.898+0530","level":"WARN","traceId":"","thread":"main","logger":"o.f.c.i.database.base.Database","message":"Flyway upgrade recommended: PostgreSQL 18.0 is newer than this version of Flyway and support has not been tested. The latest supported version of PostgreSQL is 17."}
{"timestamp":"2025-10-13T23:34:14.906+0530","level":"INFO","traceId":"","thread":"main","logger":"o.f.c.i.s.JdbcTableSchemaHistory","message":"Repair of failed migration in Schema History table "public"."flyway_schema_history" not necessary. No failed migration detected."}
{"timestamp":"2025-10-13T23:34:14.915+0530","level":"INFO","traceId":"","thread":"main","logger":"o.f.core.internal.command.DbRepair","message":"Successfully repaired schema history table "public"."flyway_schema_history" (execution time 00:00.011s)."}
{"timestamp":"2025-10-13T23:34:14.920+0530","level":"INFO","traceId":"","thread":"main","logger":"c.s.config.flyway.FlywayRepairConfig","message":"✅ Flyway repair completed successfully."}
{"timestamp":"2025-10-13T23:34:14.920+0530","level":"INFO","traceId":"","thread":"main","logger":"c.s.config.flyway.FlywayRepairConfig","message":"🚀 Running Flyway migration..."}
{"timestamp":"2025-10-13T23:34:14.924+0530","level":"WARN","traceId":"","thread":"main","logger":"o.f.c.i.database.base.Database","message":"Flyway upgrade recommended: PostgreSQL 18.0 is newer than this version of Flyway and support has not been tested. The latest supported version of PostgreSQL is 17."}
{"timestamp":"2025-10-13T23:34:14.933+0530","level":"INFO","traceId":"","thread":"main","logger":"o.f.core.internal.command.DbValidate","message":"Successfully validated 4 migrations (execution time 00:00.007s)"}
{"timestamp":"2025-10-13T23:34:14.940+0530","level":"INFO","traceId":"","thread":"main","logger":"o.f.core.internal.command.DbMigrate","message":"Current version of schema "public": 005"}
{"timestamp":"2025-10-13T23:34:14.940+0530","level":"INFO","traceId":"","thread":"main","logger":"o.f.core.internal.command.DbMigrate","message":"Schema "public" is up to date. No migration necessary."}
{"timestamp":"2025-10-13T23:34:14.940+0530","level":"INFO","traceId":"","thread":"main","logger":"c.s.config.flyway.FlywayRepairConfig","message":"✅ Flyway migration completed successfully."}
{"timestamp":"2025-10-13T23:34:15.020+0530","level":"INFO","traceId":"","thread":"main","logger":"o.s.s.c.a.a.c.InitializeAuthenticationProviderBeanManagerConfigurer$InitializeAuthenticationProviderManagerConfigurer","message":"Global AuthenticationManager configured with AuthenticationProvider bean with name authenticationProvider"}
{"timestamp":"2025-10-13T23:34:15.020+0530","level":"WARN","traceId":"","thread":"main","logger":"o.s.s.c.a.a.c.InitializeUserDetailsBeanManagerConfigurer$InitializeUserDetailsManagerConfigurer","message":"Global AuthenticationManager configured with an AuthenticationProvider bean. UserDetailsService beans will not be used by Spring Security for automatically configuring username/password login. Consider removing the AuthenticationProvider bean. Alternatively, consider using the UserDetailsService in a manually instantiated DaoAuthenticationProvider. If the current configuration is intentional, to turn off this warning, increase the logging level of 'org.springframework.security.config.annotation.authentication.configuration.InitializeUserDetailsBeanManagerConfigurer' to ERROR"}
{"timestamp":"2025-10-13T23:34:15.464+0530","level":"INFO","traceId":"","thread":"main","logger":"o.s.d.j.r.query.QueryEnhancerFactory","message":"Hibernate is in classpath; If applicable, HQL parser will be used."}
{"timestamp":"2025-10-13T23:34:20.709+0530","level":"INFO","traceId":"","thread":"main","logger":"o.a.coyote.http11.Http11NioProtocol","message":"Starting ProtocolHandler ["http-nio-8080"]"}
{"timestamp":"2025-10-13T23:34:20.751+0530","level":"INFO","traceId":"","thread":"main","logger":"o.s.b.w.e.tomcat.TomcatWebServer","message":"Tomcat started on port 8080 (http) with context path '/'"}
{"timestamp":"2025-10-13T23:34:20.772+0530","level":"INFO","traceId":"","thread":"main","logger":"c.settler.SettlerServiceApplication","message":"Started SettlerServiceApplication in 18.127 seconds (process running for 20.188)"}
{"timestamp":"2025-10-13T23:34:21.001+0530","level":"DEBUG","traceId":"","thread":"main","logger":"org.hibernate.SQL","message":"
    select
        u1_0.id,
        u1_0.created_at,
        u1_0.display_name,
        u1_0.email,
        u1_0.password,
        u1_0.role 
    from
        users u1_0 
    where
        u1_0.email=?"}
{"timestamp":"2025-10-13T23:34:21.088+0530","level":"INFO","traceId":"","thread":"main","logger":"c.s.d.u.service.impl.DataInitializer","message":"🟢 Admin user already exists."}
{"timestamp":"2025-10-13T23:34:21.091+0530","level":"INFO","traceId":"","thread":"main","logger":"c.settler.SettlerServiceApplication","message":"✅ Settler Service Started Successfully!"}
{"timestamp":"2025-10-13T23:34:35.604+0530","level":"INFO","traceId":"","thread":"http-nio-8080-exec-1","logger":"o.a.c.c.C.[Tomcat].[localhost].[/]","message":"Initializing Spring DispatcherServlet 'dispatcherServlet'"}
{"timestamp":"2025-10-13T23:34:35.605+0530","level":"INFO","traceId":"","thread":"http-nio-8080-exec-1","logger":"o.s.web.servlet.DispatcherServlet","message":"Initializing Servlet 'dispatcherServlet'"}
{"timestamp":"2025-10-13T23:34:35.605+0530","level":"INFO","traceId":"","thread":"http-nio-8080-exec-1","logger":"o.s.web.servlet.DispatcherServlet","message":"Completed initialization in 0 ms"}
{"timestamp":"2025-10-13T23:34:35.812+0530","level":"DEBUG","traceId":"","thread":"http-nio-8080-exec-1","logger":"org.hibernate.SQL","message":"
    select
        u1_0.id,
        u1_0.created_at,
        u1_0.display_name,
        u1_0.email,
        u1_0.password,
        u1_0.role 
    from
        users u1_0 
    where
        u1_0.email=?"}
{"timestamp":"2025-10-13T23:35:06.248+0530","level":"DEBUG","traceId":"","thread":"http-nio-8080-exec-4","logger":"org.hibernate.SQL","message":"
    select
        u1_0.id,
        u1_0.created_at,
        u1_0.display_name,
        u1_0.email,
        u1_0.password,
        u1_0.role 
    from
        users u1_0 
    where
        u1_0.email=?"}
{"timestamp":"2025-10-13T23:37:05.779+0530","level":"DEBUG","traceId":"","thread":"http-nio-8080-exec-6","logger":"org.hibernate.SQL","message":"
    select
        u1_0.id,
        u1_0.created_at,
        u1_0.display_name,
        u1_0.email,
        u1_0.password,
        u1_0.role 
    from
        users u1_0 
    where
        u1_0.email=?"}
{"timestamp":"2025-10-13T23:37:05.858+0530","level":"INFO","traceId":"","thread":"http-nio-8080-exec-6","logger":"c.s.d.g.s.impl.GroupServiceImpl","message":"📋 Fetching groups for user: 007a70ed-851e-4192-83c6-d527d45d885e"}
{"timestamp":"2025-10-13T23:37:05.886+0530","level":"DEBUG","traceId":"","thread":"http-nio-8080-exec-6","logger":"org.hibernate.SQL","message":"
    select
        g1_0.id,
        g1_0.created_at,
        g1_0.currency_code,
        g1_0.name,
        g1_0.owner_id 
    from
        groups g1_0 
    left join
        users o1_0 
            on o1_0.id=g1_0.owner_id 
    where
        o1_0.id=?"}
{"timestamp":"2025-10-13T23:39:16.500+0530","level":"INFO","traceId":"","thread":"SpringApplicationShutdownHook","logger":"o.s.b.w.e.tomcat.GracefulShutdown","message":"Commencing graceful shutdown. Waiting for active requests to complete"}
{"timestamp":"2025-10-13T23:39:16.519+0530","level":"INFO","traceId":"","thread":"tomcat-shutdown","logger":"o.s.b.w.e.tomcat.GracefulShutdown","message":"Graceful shutdown complete"}
{"timestamp":"2025-10-13T23:39:16.619+0530","level":"INFO","traceId":"","thread":"SpringApplicationShutdownHook","logger":"o.s.o.j.LocalContainerEntityManagerFactoryBean","message":"Closing JPA EntityManagerFactory for persistence unit 'default'"}
{"timestamp":"2025-10-13T23:39:16.629+0530","level":"INFO","traceId":"","thread":"SpringApplicationShutdownHook","logger":"com.zaxxer.hikari.HikariDataSource","message":"HikariPool-1 - Shutdown initiated..."}
{"timestamp":"2025-10-13T23:39:16.638+0530","level":"INFO","traceId":"","thread":"SpringApplicationShutdownHook","logger":"com.zaxxer.hikari.HikariDataSource","message":"HikariPool-1 - Shutdown completed."}
{"timestamp":"2025-10-13T23:39:22.383+0530","level":"INFO","traceId":"","thread":"background-preinit","logger":"o.h.validator.internal.util.Version","message":"HV000001: Hibernate Validator 8.0.3.Final"}
{"timestamp":"2025-10-13T23:39:22.473+0530","level":"INFO","traceId":"","thread":"main","logger":"c.settler.SettlerServiceApplication","message":"Starting SettlerServiceApplication using Java 21.0.8 with PID 18380 (C:\Java-Projects\Crimsontriad\Settler\settler-service-0\target\classes started by Pavan in C:\Java-Projects\Crimsontriad\Settler\settler-service-0)"}
{"timestamp":"2025-10-13T23:39:22.474+0530","level":"DEBUG","traceId":"","thread":"main","logger":"c.settler.SettlerServiceApplication","message":"Running with Spring Boot v3.5.6, Spring v6.2.11"}
{"timestamp":"2025-10-13T23:39:22.475+0530","level":"INFO","traceId":"","thread":"main","logger":"c.settler.SettlerServiceApplication","message":"No active profile set, falling back to 1 default profile: "default""}
{"timestamp":"2025-10-13T23:39:24.244+0530","level":"INFO","traceId":"","thread":"main","logger":"o.s.d.r.c.RepositoryConfigurationDelegate","message":"Multiple Spring Data modules found, entering strict repository configuration mode"}
{"timestamp":"2025-10-13T23:39:24.248+0530","level":"INFO","traceId":"","thread":"main","logger":"o.s.d.r.c.RepositoryConfigurationDelegate","message":"Bootstrapping Spring Data JPA repositories in DEFAULT mode."}
{"timestamp":"2025-10-13T23:39:24.703+0530","level":"INFO","traceId":"","thread":"main","logger":"o.s.d.r.c.RepositoryConfigurationDelegate","message":"Finished Spring Data repository scanning in 364 ms. Found 5 JPA repository interfaces."}
{"timestamp":"2025-10-13T23:39:24.735+0530","level":"INFO","traceId":"","thread":"main","logger":"o.s.d.r.c.RepositoryConfigurationDelegate","message":"Multiple Spring Data modules found, entering strict repository configuration mode"}
{"timestamp":"2025-10-13T23:39:24.738+0530","level":"INFO","traceId":"","thread":"main","logger":"o.s.d.r.c.RepositoryConfigurationDelegate","message":"Bootstrapping Spring Data Redis repositories in DEFAULT mode."}
{"timestamp":"2025-10-13T23:39:24.777+0530","level":"INFO","traceId":"","thread":"main","logger":"o.s.d.r.c.RepositoryConfigurationExtensionSupport","message":"Spring Data Redis - Could not safely identify store assignment for repository candidate interface com.settler.domain.expenses.repo.ExpenseRepository; If you want this repository to be a Redis repository, consider annotating your entities with one of these annotations: org.springframework.data.redis.core.RedisHash (preferred), or consider extending one of the following types with your repository: org.springframework.data.keyvalue.repository.KeyValueRepository"}
{"timestamp":"2025-10-13T23:39:24.777+0530","level":"INFO","traceId":"","thread":"main","logger":"o.s.d.r.c.RepositoryConfigurationExtensionSupport","message":"Spring Data Redis - Could not safely identify store assignment for repository candidate interface com.settler.domain.expenses.repo.ExpenseSplitRepository; If you want this repository to be a Redis repository, consider annotating your entities with one of these annotations: org.springframework.data.redis.core.RedisHash (preferred), or consider extending one of the following types with your repository: org.springframework.data.keyvalue.repository.KeyValueRepository"}
{"timestamp":"2025-10-13T23:39:24.777+0530","level":"INFO","traceId":"","thread":"main","logger":"o.s.d.r.c.RepositoryConfigurationExtensionSupport","message":"Spring Data Redis - Could not safely identify store assignment for repository candidate interface com.settler.domain.groups.repo.GroupRepository; If you want this repository to be a Redis repository, consider annotating your entities with one of these annotations: org.springframework.data.redis.core.RedisHash (preferred), or consider extending one of the following types with your repository: org.springframework.data.keyvalue.repository.KeyValueRepository"}
{"timestamp":"2025-10-13T23:39:24.778+0530","level":"INFO","traceId":"","thread":"main","logger":"o.s.d.r.c.RepositoryConfigurationExtensionSupport","message":"Spring Data Redis - Could not safely identify store assignment for repository candidate interface com.settler.domain.settlements.repo.SettlementRepository; If you want this repository to be a Redis repository, consider annotating your entities with one of these annotations: org.springframework.data.redis.core.RedisHash (preferred), or consider extending one of the following types with your repository: org.springframework.data.keyvalue.repository.KeyValueRepository"}
{"timestamp":"2025-10-13T23:39:24.779+0530","level":"INFO","traceId":"","thread":"main","logger":"o.s.d.r.c.RepositoryConfigurationExtensionSupport","message":"Spring Data Redis - Could not safely identify store assignment for repository candidate interface com.settler.domain.users.repo.UserRepository; If you want this repository to be a Redis repository, consider annotating your entities with one of these annotations: org.springframework.data.redis.core.RedisHash (preferred), or consider extending one of the following types with your repository: org.springframework.data.keyvalue.repository.KeyValueRepository"}
{"timestamp":"2025-10-13T23:39:24.780+0530","level":"INFO","traceId":"","thread":"main","logger":"o.s.d.r.c.RepositoryConfigurationDelegate","message":"Finished Spring Data repository scanning in 24 ms. Found 0 Redis repository interfaces."}
{"timestamp":"2025-10-13T23:39:26.162+0530","level":"INFO","traceId":"","thread":"main","logger":"o.s.b.w.e.tomcat.TomcatWebServer","message":"Tomcat initialized with port 8080 (http)"}
{"timestamp":"2025-10-13T23:39:26.186+0530","level":"INFO","traceId":"","thread":"main","logger":"o.a.coyote.http11.Http11NioProtocol","message":"Initializing ProtocolHandler ["http-nio-8080"]"}
{"timestamp":"2025-10-13T23:39:26.187+0530","level":"INFO","traceId":"","thread":"main","logger":"o.a.catalina.core.StandardService","message":"Starting service [Tomcat]"}
{"timestamp":"2025-10-13T23:39:26.187+0530","level":"INFO","traceId":"","thread":"main","logger":"o.a.catalina.core.StandardEngine","message":"Starting Servlet engine: [Apache Tomcat/10.1.46]"}
{"timestamp":"2025-10-13T23:39:26.284+0530","level":"INFO","traceId":"","thread":"main","logger":"o.a.c.c.C.[Tomcat].[localhost].[/]","message":"Initializing Spring embedded WebApplicationContext"}
{"timestamp":"2025-10-13T23:39:26.284+0530","level":"INFO","traceId":"","thread":"main","logger":"o.s.b.w.s.c.ServletWebServerApplicationContext","message":"Root WebApplicationContext: initialization completed in 3734 ms"}
{"timestamp":"2025-10-13T23:39:26.673+0530","level":"INFO","traceId":"","thread":"main","logger":"com.zaxxer.hikari.HikariDataSource","message":"HikariPool-1 - Starting..."}
{"timestamp":"2025-10-13T23:39:27.070+0530","level":"INFO","traceId":"","thread":"main","logger":"com.zaxxer.hikari.pool.HikariPool","message":"HikariPool-1 - Added connection org.postgresql.jdbc.PgConnection@3e998033"}
{"timestamp":"2025-10-13T23:39:27.073+0530","level":"INFO","traceId":"","thread":"main","logger":"com.zaxxer.hikari.HikariDataSource","message":"HikariPool-1 - Start completed."}
{"timestamp":"2025-10-13T23:39:27.121+0530","level":"INFO","traceId":"","thread":"main","logger":"org.flywaydb.core.FlywayExecutor","message":"Database: jdbc:postgresql://localhost:5432/settler (PostgreSQL 18.0)"}
{"timestamp":"2025-10-13T23:39:27.145+0530","level":"WARN","traceId":"","thread":"main","logger":"o.f.c.i.database.base.Database","message":"Flyway upgrade recommended: PostgreSQL 18.0 is newer than this version of Flyway and support has not been tested. The latest supported version of PostgreSQL is 17."}
{"timestamp":"2025-10-13T23:39:27.236+0530","level":"INFO","traceId":"","thread":"main","logger":"o.f.core.internal.command.DbValidate","message":"Successfully validated 4 migrations (execution time 00:00.066s)"}
{"timestamp":"2025-10-13T23:39:27.347+0530","level":"INFO","traceId":"","thread":"main","logger":"o.f.core.internal.command.DbMigrate","message":"Current version of schema "public": 005"}
{"timestamp":"2025-10-13T23:39:27.356+0530","level":"INFO","traceId":"","thread":"main","logger":"o.f.core.internal.command.DbMigrate","message":"Schema "public" is up to date. No migration necessary."}
{"timestamp":"2025-10-13T23:39:27.594+0530","level":"INFO","traceId":"","thread":"main","logger":"o.h.jpa.internal.util.LogHelper","message":"HHH000204: Processing PersistenceUnitInfo [name: default]"}
{"timestamp":"2025-10-13T23:39:27.746+0530","level":"INFO","traceId":"","thread":"main","logger":"org.hibernate.Version","message":"HHH000412: Hibernate ORM core version 6.6.29.Final"}
{"timestamp":"2025-10-13T23:39:27.867+0530","level":"INFO","traceId":"","thread":"main","logger":"o.h.c.i.RegionFactoryInitiator","message":"HHH000026: Second-level cache disabled"}
{"timestamp":"2025-10-13T23:39:28.591+0530","level":"INFO","traceId":"","thread":"main","logger":"o.s.o.j.p.SpringPersistenceUnitInfo","message":"No LoadTimeWeaver setup: ignoring JPA class transformer"}
{"timestamp":"2025-10-13T23:39:28.844+0530","level":"INFO","traceId":"","thread":"main","logger":"o.hibernate.orm.connections.pooling","message":"HHH10001005: Database info:
	Database JDBC URL [Connecting through datasource 'HikariDataSource (HikariPool-1)']
	Database driver: undefined/unknown
	Database version: 18.0
	Autocommit mode: undefined/unknown
	Isolation level: undefined/unknown
	Minimum pool size: undefined/unknown
	Maximum pool size: undefined/unknown"}
{"timestamp":"2025-10-13T23:39:29.665+0530","level":"WARN","traceId":"","thread":"main","logger":"org.hibernate.mapping.RootClass","message":"HHH000038: Composite-id class does not override equals(): com.settler.domain.groups.GroupMember"}
{"timestamp":"2025-10-13T23:39:29.665+0530","level":"WARN","traceId":"","thread":"main","logger":"org.hibernate.mapping.RootClass","message":"HHH000039: Composite-id class does not override hashCode(): com.settler.domain.groups.GroupMember"}
{"timestamp":"2025-10-13T23:39:31.286+0530","level":"INFO","traceId":"","thread":"main","logger":"o.h.e.t.j.p.i.JtaPlatformInitiator","message":"HHH000489: No JTA platform available (set 'hibernate.transaction.jta.platform' to enable JTA platform integration)"}
{"timestamp":"2025-10-13T23:39:31.298+0530","level":"INFO","traceId":"","thread":"main","logger":"o.s.o.j.LocalContainerEntityManagerFactoryBean","message":"Initialized JPA EntityManagerFactory for persistence unit 'default'"}
{"timestamp":"2025-10-13T23:39:32.025+0530","level":"DEBUG","traceId":"","thread":"main","logger":"c.s.c.s.JwtAuthenticationFilter","message":"Filter 'jwtAuthenticationFilter' configured for use"}
{"timestamp":"2025-10-13T23:39:32.025+0530","level":"DEBUG","traceId":"","thread":"main","logger":"c.s.config.filter.E2ERequestFilter","message":"Filter 'e2ERequestFilter' configured for use"}
{"timestamp":"2025-10-13T23:39:32.078+0530","level":"INFO","traceId":"","thread":"main","logger":"c.s.config.flyway.FlywayRepairConfig","message":"🧹 Running Flyway repair before migration..."}
{"timestamp":"2025-10-13T23:39:32.087+0530","level":"WARN","traceId":"","thread":"main","logger":"o.f.c.i.database.base.Database","message":"Flyway upgrade recommended: PostgreSQL 18.0 is newer than this version of Flyway and support has not been tested. The latest supported version of PostgreSQL is 17."}
{"timestamp":"2025-10-13T23:39:32.095+0530","level":"INFO","traceId":"","thread":"main","logger":"o.f.c.i.s.JdbcTableSchemaHistory","message":"Repair of failed migration in Schema History table "public"."flyway_schema_history" not necessary. No failed migration detected."}
{"timestamp":"2025-10-13T23:39:32.103+0530","level":"INFO","traceId":"","thread":"main","logger":"o.f.core.internal.command.DbRepair","message":"Successfully repaired schema history table "public"."flyway_schema_history" (execution time 00:00.014s)."}
{"timestamp":"2025-10-13T23:39:32.112+0530","level":"INFO","traceId":"","thread":"main","logger":"c.s.config.flyway.FlywayRepairConfig","message":"✅ Flyway repair completed successfully."}
{"timestamp":"2025-10-13T23:39:32.112+0530","level":"INFO","traceId":"","thread":"main","logger":"c.s.config.flyway.FlywayRepairConfig","message":"🚀 Running Flyway migration..."}
{"timestamp":"2025-10-13T23:39:32.114+0530","level":"WARN","traceId":"","thread":"main","logger":"o.f.c.i.database.base.Database","message":"Flyway upgrade recommended: PostgreSQL 18.0 is newer than this version of Flyway and support has not been tested. The latest supported version of PostgreSQL is 17."}
{"timestamp":"2025-10-13T23:39:32.129+0530","level":"INFO","traceId":"","thread":"main","logger":"o.f.core.internal.command.DbValidate","message":"Successfully validated 4 migrations (execution time 00:00.008s)"}
{"timestamp":"2025-10-13T23:39:32.129+0530","level":"INFO","traceId":"","thread":"main","logger":"o.f.core.internal.command.DbMigrate","message":"Current version of schema "public": 005"}
{"timestamp":"2025-10-13T23:39:32.137+0530","level":"INFO","traceId":"","thread":"main","logger":"o.f.core.internal.command.DbMigrate","message":"Schema "public" is up to date. No migration necessary."}
{"timestamp":"2025-10-13T23:39:32.137+0530","level":"INFO","traceId":"","thread":"main","logger":"c.s.config.flyway.FlywayRepairConfig","message":"✅ Flyway migration completed successfully."}
{"timestamp":"2025-10-13T23:39:32.234+0530","level":"INFO","traceId":"","thread":"main","logger":"o.s.s.c.a.a.c.InitializeAuthenticationProviderBeanManagerConfigurer$InitializeAuthenticationProviderManagerConfigurer","message":"Global AuthenticationManager configured with AuthenticationProvider bean with name authenticationProvider"}
{"timestamp":"2025-10-13T23:39:32.237+0530","level":"WARN","traceId":"","thread":"main","logger":"o.s.s.c.a.a.c.InitializeUserDetailsBeanManagerConfigurer$InitializeUserDetailsManagerConfigurer","message":"Global AuthenticationManager configured with an AuthenticationProvider bean. UserDetailsService beans will not be used by Spring Security for automatically configuring username/password login. Consider removing the AuthenticationProvider bean. Alternatively, consider using the UserDetailsService in a manually instantiated DaoAuthenticationProvider. If the current configuration is intentional, to turn off this warning, increase the logging level of 'org.springframework.security.config.annotation.authentication.configuration.InitializeUserDetailsBeanManagerConfigurer' to ERROR"}
{"timestamp":"2025-10-13T23:39:32.330+0530","level":"INFO","traceId":"","thread":"main","logger":"o.s.d.j.r.query.QueryEnhancerFactory","message":"Hibernate is in classpath; If applicable, HQL parser will be used."}
{"timestamp":"2025-10-13T23:39:35.701+0530","level":"INFO","traceId":"","thread":"main","logger":"o.a.coyote.http11.Http11NioProtocol","message":"Starting ProtocolHandler ["http-nio-8080"]"}
{"timestamp":"2025-10-13T23:39:35.735+0530","level":"INFO","traceId":"","thread":"main","logger":"o.s.b.w.e.tomcat.TomcatWebServer","message":"Tomcat started on port 8080 (http) with context path '/'"}
{"timestamp":"2025-10-13T23:39:35.754+0530","level":"INFO","traceId":"","thread":"main","logger":"c.settler.SettlerServiceApplication","message":"Started SettlerServiceApplication in 14.689 seconds (process running for 16.779)"}
{"timestamp":"2025-10-13T23:39:35.944+0530","level":"DEBUG","traceId":"","thread":"main","logger":"org.hibernate.SQL","message":"
    select
        u1_0.id,
        u1_0.created_at,
        u1_0.display_name,
        u1_0.email,
        u1_0.password,
        u1_0.role 
    from
        users u1_0 
    where
        u1_0.email=?"}
{"timestamp":"2025-10-13T23:39:35.994+0530","level":"INFO","traceId":"","thread":"main","logger":"c.s.d.u.service.impl.DataInitializer","message":"🟢 Admin user already exists."}
{"timestamp":"2025-10-13T23:39:36.000+0530","level":"INFO","traceId":"","thread":"main","logger":"c.settler.SettlerServiceApplication","message":"✅ Settler Service Started Successfully!"}
{"timestamp":"2025-10-13T23:39:51.460+0530","level":"INFO","traceId":"","thread":"http-nio-8080-exec-2","logger":"o.a.c.c.C.[Tomcat].[localhost].[/]","message":"Initializing Spring DispatcherServlet 'dispatcherServlet'"}
{"timestamp":"2025-10-13T23:39:51.461+0530","level":"INFO","traceId":"","thread":"http-nio-8080-exec-2","logger":"o.s.web.servlet.DispatcherServlet","message":"Initializing Servlet 'dispatcherServlet'"}
{"timestamp":"2025-10-13T23:39:51.464+0530","level":"INFO","traceId":"","thread":"http-nio-8080-exec-2","logger":"o.s.web.servlet.DispatcherServlet","message":"Completed initialization in 3 ms"}
{"timestamp":"2025-10-13T23:39:51.635+0530","level":"DEBUG","traceId":"","thread":"http-nio-8080-exec-2","logger":"org.hibernate.SQL","message":"
    select
        u1_0.id,
        u1_0.created_at,
        u1_0.display_name,
        u1_0.email,
        u1_0.password,
        u1_0.role 
    from
        users u1_0 
    where
        u1_0.email=?"}
{"timestamp":"2025-10-13T23:39:51.723+0530","level":"INFO","traceId":"","thread":"http-nio-8080-exec-2","logger":"c.s.d.g.s.impl.GroupServiceImpl","message":"📋 Fetching groups for user: 007a70ed-851e-4192-83c6-d527d45d885e"}
{"timestamp":"2025-10-13T23:39:51.735+0530","level":"DEBUG","traceId":"","thread":"http-nio-8080-exec-2","logger":"org.hibernate.SQL","message":"
    select
        g1_0.id,
        g1_0.created_at,
        g1_0.currency_code,
        g1_0.name,
        g1_0.owner_id 
    from
        groups g1_0 
    left join
        users o1_0 
            on o1_0.id=g1_0.owner_id 
    where
        o1_0.id=?"}
{"timestamp":"2025-10-13T23:40:07.570+0530","level":"DEBUG","traceId":"","thread":"http-nio-8080-exec-4","logger":"org.hibernate.SQL","message":"
    select
        u1_0.id,
        u1_0.created_at,
        u1_0.display_name,
        u1_0.email,
        u1_0.password,
        u1_0.role 
    from
        users u1_0 
    where
        u1_0.email=?"}
{"timestamp":"2025-10-13T23:41:17.274+0530","level":"DEBUG","traceId":"","thread":"http-nio-8080-exec-6","logger":"org.hibernate.SQL","message":"
    select
        u1_0.id,
        u1_0.created_at,
        u1_0.display_name,
        u1_0.email,
        u1_0.password,
        u1_0.role 
    from
        users u1_0 
    where
        u1_0.email=?"}
{"timestamp":"2025-10-13T23:41:17.286+0530","level":"INFO","traceId":"","thread":"http-nio-8080-exec-6","logger":"c.s.d.g.s.impl.GroupServiceImpl","message":"📋 Fetching groups for user email: Rahul@test2.com"}
{"timestamp":"2025-10-13T23:41:17.290+0530","level":"DEBUG","traceId":"","thread":"http-nio-8080-exec-6","logger":"org.hibernate.SQL","message":"
    select
        u1_0.id,
        u1_0.created_at,
        u1_0.display_name,
        u1_0.email,
        u1_0.password,
        u1_0.role 
    from
        users u1_0 
    where
        u1_0.email=?"}
{"timestamp":"2025-10-13T23:41:17.295+0530","level":"DEBUG","traceId":"","thread":"http-nio-8080-exec-6","logger":"org.hibernate.SQL","message":"
    select
        g1_0.id,
        g1_0.created_at,
        g1_0.currency_code,
        g1_0.name,
        g1_0.owner_id 
    from
        groups g1_0 
    left join
        users o1_0 
            on o1_0.id=g1_0.owner_id 
    where
        o1_0.id=?"}
