{"timestamp":"2025-10-23T23:26:22.212+0530","level":"INFO","traceId":"","thread":"background-preinit","logger":"o.h.validator.internal.util.Version","message":"HV000001: Hibernate Validator 8.0.3.Final"}
{"timestamp":"2025-10-23T23:26:22.230+0530","level":"INFO","traceId":"","thread":"main","logger":"c.settler.SettlerServiceApplication","message":"Starting SettlerServiceApplication using Java 21.0.8 with PID 3028 (/Users/rahul/Documents/Java/Settler/target/classes started by rahul in /Users/rahul/Documents/Java/Settler)"}
{"timestamp":"2025-10-23T23:26:22.230+0530","level":"DEBUG","traceId":"","thread":"main","logger":"c.settler.SettlerServiceApplication","message":"Running with Spring Boot v3.5.6, Spring v6.2.11"}
{"timestamp":"2025-10-23T23:26:22.231+0530","level":"INFO","traceId":"","thread":"main","logger":"c.settler.SettlerServiceApplication","message":"No active profile set, falling back to 1 default profile: "default""}
{"timestamp":"2025-10-23T23:26:22.530+0530","level":"INFO","traceId":"","thread":"main","logger":"o.s.d.r.c.RepositoryConfigurationDelegate","message":"Multiple Spring Data modules found, entering strict repository configuration mode"}
{"timestamp":"2025-10-23T23:26:22.530+0530","level":"INFO","traceId":"","thread":"main","logger":"o.s.d.r.c.RepositoryConfigurationDelegate","message":"Bootstrapping Spring Data JPA repositories in DEFAULT mode."}
{"timestamp":"2025-10-23T23:26:22.590+0530","level":"INFO","traceId":"","thread":"main","logger":"o.s.d.r.c.RepositoryConfigurationDelegate","message":"Finished Spring Data repository scanning in 56 ms. Found 6 JPA repository interfaces."}
{"timestamp":"2025-10-23T23:26:22.598+0530","level":"INFO","traceId":"","thread":"main","logger":"o.s.d.r.c.RepositoryConfigurationDelegate","message":"Multiple Spring Data modules found, entering strict repository configuration mode"}
{"timestamp":"2025-10-23T23:26:22.598+0530","level":"INFO","traceId":"","thread":"main","logger":"o.s.d.r.c.RepositoryConfigurationDelegate","message":"Bootstrapping Spring Data Redis repositories in DEFAULT mode."}
{"timestamp":"2025-10-23T23:26:22.605+0530","level":"INFO","traceId":"","thread":"main","logger":"o.s.d.r.c.RepositoryConfigurationExtensionSupport","message":"Spring Data Redis - Could not safely identify store assignment for repository candidate interface com.settler.domain.expenses.repo.ExpenseRepository; If you want this repository to be a Redis repository, consider annotating your entities with one of these annotations: org.springframework.data.redis.core.RedisHash (preferred), or consider extending one of the following types with your repository: org.springframework.data.keyvalue.repository.KeyValueRepository"}
{"timestamp":"2025-10-23T23:26:22.605+0530","level":"INFO","traceId":"","thread":"main","logger":"o.s.d.r.c.RepositoryConfigurationExtensionSupport","message":"Spring Data Redis - Could not safely identify store assignment for repository candidate interface com.settler.domain.expenses.repo.ExpenseSplitRepository; If you want this repository to be a Redis repository, consider annotating your entities with one of these annotations: org.springframework.data.redis.core.RedisHash (preferred), or consider extending one of the following types with your repository: org.springframework.data.keyvalue.repository.KeyValueRepository"}
{"timestamp":"2025-10-23T23:26:22.605+0530","level":"INFO","traceId":"","thread":"main","logger":"o.s.d.r.c.RepositoryConfigurationExtensionSupport","message":"Spring Data Redis - Could not safely identify store assignment for repository candidate interface com.settler.domain.groups.repo.GroupMemberRepository; If you want this repository to be a Redis repository, consider annotating your entities with one of these annotations: org.springframework.data.redis.core.RedisHash (preferred), or consider extending one of the following types with your repository: org.springframework.data.keyvalue.repository.KeyValueRepository"}
{"timestamp":"2025-10-23T23:26:22.605+0530","level":"INFO","traceId":"","thread":"main","logger":"o.s.d.r.c.RepositoryConfigurationExtensionSupport","message":"Spring Data Redis - Could not safely identify store assignment for repository candidate interface com.settler.domain.groups.repo.GroupRepository; If you want this repository to be a Redis repository, consider annotating your entities with one of these annotations: org.springframework.data.redis.core.RedisHash (preferred), or consider extending one of the following types with your repository: org.springframework.data.keyvalue.repository.KeyValueRepository"}
{"timestamp":"2025-10-23T23:26:22.605+0530","level":"INFO","traceId":"","thread":"main","logger":"o.s.d.r.c.RepositoryConfigurationExtensionSupport","message":"Spring Data Redis - Could not safely identify store assignment for repository candidate interface com.settler.domain.settlements.repo.SettlementRepository; If you want this repository to be a Redis repository, consider annotating your entities with one of these annotations: org.springframework.data.redis.core.RedisHash (preferred), or consider extending one of the following types with your repository: org.springframework.data.keyvalue.repository.KeyValueRepository"}
{"timestamp":"2025-10-23T23:26:22.605+0530","level":"INFO","traceId":"","thread":"main","logger":"o.s.d.r.c.RepositoryConfigurationExtensionSupport","message":"Spring Data Redis - Could not safely identify store assignment for repository candidate interface com.settler.domain.users.repo.UserRepository; If you want this repository to be a Redis repository, consider annotating your entities with one of these annotations: org.springframework.data.redis.core.RedisHash (preferred), or consider extending one of the following types with your repository: org.springframework.data.keyvalue.repository.KeyValueRepository"}
{"timestamp":"2025-10-23T23:26:22.605+0530","level":"INFO","traceId":"","thread":"main","logger":"o.s.d.r.c.RepositoryConfigurationDelegate","message":"Finished Spring Data repository scanning in 3 ms. Found 0 Redis repository interfaces."}
{"timestamp":"2025-10-23T23:26:22.822+0530","level":"INFO","traceId":"","thread":"main","logger":"o.s.b.w.e.tomcat.TomcatWebServer","message":"Tomcat initialized with port 8080 (http)"}
{"timestamp":"2025-10-23T23:26:22.827+0530","level":"INFO","traceId":"","thread":"main","logger":"o.a.coyote.http11.Http11NioProtocol","message":"Initializing ProtocolHandler ["http-nio-8080"]"}
{"timestamp":"2025-10-23T23:26:22.827+0530","level":"INFO","traceId":"","thread":"main","logger":"o.a.catalina.core.StandardService","message":"Starting service [Tomcat]"}
{"timestamp":"2025-10-23T23:26:22.827+0530","level":"INFO","traceId":"","thread":"main","logger":"o.a.catalina.core.StandardEngine","message":"Starting Servlet engine: [Apache Tomcat/10.1.46]"}
{"timestamp":"2025-10-23T23:26:22.848+0530","level":"INFO","traceId":"","thread":"main","logger":"o.a.c.c.C.[Tomcat].[localhost].[/]","message":"Initializing Spring embedded WebApplicationContext"}
{"timestamp":"2025-10-23T23:26:22.849+0530","level":"INFO","traceId":"","thread":"main","logger":"o.s.b.w.s.c.ServletWebServerApplicationContext","message":"Root WebApplicationContext: initialization completed in 602 ms"}
{"timestamp":"2025-10-23T23:26:22.933+0530","level":"INFO","traceId":"","thread":"main","logger":"com.zaxxer.hikari.HikariDataSource","message":"HikariPool-1 - Starting..."}
{"timestamp":"2025-10-23T23:26:22.996+0530","level":"INFO","traceId":"","thread":"main","logger":"com.zaxxer.hikari.pool.HikariPool","message":"HikariPool-1 - Added connection org.postgresql.jdbc.PgConnection@2a9e754e"}
{"timestamp":"2025-10-23T23:26:22.996+0530","level":"INFO","traceId":"","thread":"main","logger":"com.zaxxer.hikari.HikariDataSource","message":"HikariPool-1 - Start completed."}
{"timestamp":"2025-10-23T23:26:23.007+0530","level":"INFO","traceId":"","thread":"main","logger":"org.flywaydb.core.FlywayExecutor","message":"Database: jdbc:postgresql://localhost:5432/settler (PostgreSQL 18.0)"}
{"timestamp":"2025-10-23T23:26:23.015+0530","level":"WARN","traceId":"","thread":"main","logger":"o.f.c.i.database.base.Database","message":"Flyway upgrade recommended: PostgreSQL 18.0 is newer than this version of Flyway and support has not been tested. The latest supported version of PostgreSQL is 17."}
{"timestamp":"2025-10-23T23:26:23.036+0530","level":"INFO","traceId":"","thread":"main","logger":"o.f.core.internal.command.DbValidate","message":"Successfully validated 6 migrations (execution time 00:00.014s)"}
{"timestamp":"2025-10-23T23:26:23.053+0530","level":"INFO","traceId":"","thread":"main","logger":"o.f.core.internal.command.DbMigrate","message":"Current version of schema "public": 007"}
{"timestamp":"2025-10-23T23:26:23.054+0530","level":"INFO","traceId":"","thread":"main","logger":"o.f.core.internal.command.DbMigrate","message":"Schema "public" is up to date. No migration necessary."}
{"timestamp":"2025-10-23T23:26:23.088+0530","level":"INFO","traceId":"","thread":"main","logger":"o.h.jpa.internal.util.LogHelper","message":"HHH000204: Processing PersistenceUnitInfo [name: default]"}
{"timestamp":"2025-10-23T23:26:23.112+0530","level":"INFO","traceId":"","thread":"main","logger":"org.hibernate.Version","message":"HHH000412: Hibernate ORM core version 6.6.29.Final"}
{"timestamp":"2025-10-23T23:26:23.126+0530","level":"INFO","traceId":"","thread":"main","logger":"o.h.c.i.RegionFactoryInitiator","message":"HHH000026: Second-level cache disabled"}
{"timestamp":"2025-10-23T23:26:23.218+0530","level":"INFO","traceId":"","thread":"main","logger":"o.s.o.j.p.SpringPersistenceUnitInfo","message":"No LoadTimeWeaver setup: ignoring JPA class transformer"}
{"timestamp":"2025-10-23T23:26:23.248+0530","level":"INFO","traceId":"","thread":"main","logger":"o.hibernate.orm.connections.pooling","message":"HHH10001005: Database info:
	Database JDBC URL [Connecting through datasource 'HikariDataSource (HikariPool-1)']
	Database driver: undefined/unknown
	Database version: 18.0
	Autocommit mode: undefined/unknown
	Isolation level: undefined/unknown
	Minimum pool size: undefined/unknown
	Maximum pool size: undefined/unknown"}
{"timestamp":"2025-10-23T23:26:23.578+0530","level":"INFO","traceId":"","thread":"main","logger":"o.h.e.t.j.p.i.JtaPlatformInitiator","message":"HHH000489: No JTA platform available (set 'hibernate.transaction.jta.platform' to enable JTA platform integration)"}
{"timestamp":"2025-10-23T23:26:23.579+0530","level":"INFO","traceId":"","thread":"main","logger":"o.s.o.j.LocalContainerEntityManagerFactoryBean","message":"Initialized JPA EntityManagerFactory for persistence unit 'default'"}
{"timestamp":"2025-10-23T23:26:23.693+0530","level":"DEBUG","traceId":"","thread":"main","logger":"c.s.c.s.JwtAuthenticationFilter","message":"Filter 'jwtAuthenticationFilter' configured for use"}
{"timestamp":"2025-10-23T23:26:23.693+0530","level":"DEBUG","traceId":"","thread":"main","logger":"c.s.config.filter.E2ERequestFilter","message":"Filter 'e2ERequestFilter' configured for use"}
{"timestamp":"2025-10-23T23:26:23.706+0530","level":"INFO","traceId":"","thread":"main","logger":"c.s.config.flyway.FlywayRepairConfig","message":"🧹 Running Flyway repair before migration..."}
{"timestamp":"2025-10-23T23:26:23.708+0530","level":"WARN","traceId":"","thread":"main","logger":"o.f.c.i.database.base.Database","message":"Flyway upgrade recommended: PostgreSQL 18.0 is newer than this version of Flyway and support has not been tested. The latest supported version of PostgreSQL is 17."}
{"timestamp":"2025-10-23T23:26:23.710+0530","level":"INFO","traceId":"","thread":"main","logger":"o.f.c.i.s.JdbcTableSchemaHistory","message":"Repair of failed migration in Schema History table "public"."flyway_schema_history" not necessary. No failed migration detected."}
{"timestamp":"2025-10-23T23:26:23.713+0530","level":"INFO","traceId":"","thread":"main","logger":"o.f.core.internal.command.DbRepair","message":"Successfully repaired schema history table "public"."flyway_schema_history" (execution time 00:00.004s)."}
{"timestamp":"2025-10-23T23:26:23.714+0530","level":"INFO","traceId":"","thread":"main","logger":"c.s.config.flyway.FlywayRepairConfig","message":"✅ Flyway repair completed successfully."}
{"timestamp":"2025-10-23T23:26:23.714+0530","level":"INFO","traceId":"","thread":"main","logger":"c.s.config.flyway.FlywayRepairConfig","message":"🚀 Running Flyway migration..."}
{"timestamp":"2025-10-23T23:26:23.716+0530","level":"WARN","traceId":"","thread":"main","logger":"o.f.c.i.database.base.Database","message":"Flyway upgrade recommended: PostgreSQL 18.0 is newer than this version of Flyway and support has not been tested. The latest supported version of PostgreSQL is 17."}
{"timestamp":"2025-10-23T23:26:23.719+0530","level":"INFO","traceId":"","thread":"main","logger":"o.f.core.internal.command.DbValidate","message":"Successfully validated 6 migrations (execution time 00:00.002s)"}
{"timestamp":"2025-10-23T23:26:23.721+0530","level":"INFO","traceId":"","thread":"main","logger":"o.f.core.internal.command.DbMigrate","message":"Current version of schema "public": 007"}
{"timestamp":"2025-10-23T23:26:23.721+0530","level":"INFO","traceId":"","thread":"main","logger":"o.f.core.internal.command.DbMigrate","message":"Schema "public" is up to date. No migration necessary."}
{"timestamp":"2025-10-23T23:26:23.722+0530","level":"INFO","traceId":"","thread":"main","logger":"c.s.config.flyway.FlywayRepairConfig","message":"✅ Flyway migration completed successfully."}
{"timestamp":"2025-10-23T23:26:23.745+0530","level":"INFO","traceId":"","thread":"main","logger":"o.s.s.c.a.a.c.InitializeAuthenticationProviderBeanManagerConfigurer$InitializeAuthenticationProviderManagerConfigurer","message":"Global AuthenticationManager configured with AuthenticationProvider bean with name authenticationProvider"}
{"timestamp":"2025-10-23T23:26:23.745+0530","level":"WARN","traceId":"","thread":"main","logger":"o.s.s.c.a.a.c.InitializeUserDetailsBeanManagerConfigurer$InitializeUserDetailsManagerConfigurer","message":"Global AuthenticationManager configured with an AuthenticationProvider bean. UserDetailsService beans will not be used by Spring Security for automatically configuring username/password login. Consider removing the AuthenticationProvider bean. Alternatively, consider using the UserDetailsService in a manually instantiated DaoAuthenticationProvider. If the current configuration is intentional, to turn off this warning, increase the logging level of 'org.springframework.security.config.annotation.authentication.configuration.InitializeUserDetailsBeanManagerConfigurer' to ERROR"}
{"timestamp":"2025-10-23T23:26:24.282+0530","level":"INFO","traceId":"","thread":"main","logger":"o.a.coyote.http11.Http11NioProtocol","message":"Starting ProtocolHandler ["http-nio-8080"]"}
{"timestamp":"2025-10-23T23:26:24.289+0530","level":"INFO","traceId":"","thread":"main","logger":"o.s.b.w.e.tomcat.TomcatWebServer","message":"Tomcat started on port 8080 (http) with context path '/'"}
{"timestamp":"2025-10-23T23:26:24.294+0530","level":"INFO","traceId":"","thread":"main","logger":"c.settler.SettlerServiceApplication","message":"Started SettlerServiceApplication in 2.249 seconds (process running for 2.355)"}
{"timestamp":"2025-10-23T23:26:24.342+0530","level":"DEBUG","traceId":"","thread":"main","logger":"org.hibernate.SQL","message":"
    select
        u1_0.id,
        u1_0.created_at,
        u1_0.display_name,
        u1_0.email,
        u1_0.password,
        u1_0.role 
    from
        users u1_0 
    where
        u1_0.email=?"}
{"timestamp":"2025-10-23T23:26:24.354+0530","level":"INFO","traceId":"","thread":"main","logger":"c.s.d.u.service.impl.DataInitializer","message":"🟢 Admin user already exists."}
{"timestamp":"2025-10-23T23:26:24.354+0530","level":"INFO","traceId":"","thread":"main","logger":"c.settler.SettlerServiceApplication","message":"✅ Settler Service Started Successfully!"}
{"timestamp":"2025-10-23T23:26:36.121+0530","level":"INFO","traceId":"","thread":"http-nio-8080-exec-1","logger":"o.a.c.c.C.[Tomcat].[localhost].[/]","message":"Initializing Spring DispatcherServlet 'dispatcherServlet'"}
{"timestamp":"2025-10-23T23:26:36.121+0530","level":"INFO","traceId":"","thread":"http-nio-8080-exec-1","logger":"o.s.web.servlet.DispatcherServlet","message":"Initializing Servlet 'dispatcherServlet'"}
{"timestamp":"2025-10-23T23:26:36.122+0530","level":"INFO","traceId":"","thread":"http-nio-8080-exec-1","logger":"o.s.web.servlet.DispatcherServlet","message":"Completed initialization in 1 ms"}
{"timestamp":"2025-10-23T23:26:36.221+0530","level":"DEBUG","traceId":"","thread":"http-nio-8080-exec-1","logger":"org.hibernate.SQL","message":"
    select
        u1_0.id,
        u1_0.created_at,
        u1_0.display_name,
        u1_0.email,
        u1_0.password,
        u1_0.role 
    from
        users u1_0 
    where
        u1_0.email=?"}
{"timestamp":"2025-10-23T23:26:36.288+0530","level":"DEBUG","traceId":"","thread":"http-nio-8080-exec-1","logger":"org.hibernate.SQL","message":"
    select
        u1_0.id,
        u1_0.created_at,
        u1_0.display_name,
        u1_0.email,
        u1_0.password,
        u1_0.role 
    from
        users u1_0 
    where
        u1_0.email=?"}
{"timestamp":"2025-10-23T23:27:06.708+0530","level":"DEBUG","traceId":"","thread":"http-nio-8080-exec-3","logger":"org.hibernate.SQL","message":"
    select
        u1_0.id,
        u1_0.created_at,
        u1_0.display_name,
        u1_0.email,
        u1_0.password,
        u1_0.role 
    from
        users u1_0 
    where
        u1_0.email=?"}
{"timestamp":"2025-10-23T23:30:18.397+0530","level":"DEBUG","traceId":"","thread":"http-nio-8080-exec-5","logger":"org.hibernate.SQL","message":"
    select
        u1_0.id,
        u1_0.created_at,
        u1_0.display_name,
        u1_0.email,
        u1_0.password,
        u1_0.role 
    from
        users u1_0 
    where
        u1_0.email=?"}
{"timestamp":"2025-10-23T23:30:18.500+0530","level":"DEBUG","traceId":"","thread":"http-nio-8080-exec-5","logger":"org.hibernate.SQL","message":"
    select
        u1_0.id,
        u1_0.created_at,
        u1_0.display_name,
        u1_0.email,
        u1_0.password,
        u1_0.role 
    from
        users u1_0 
    where
        u1_0.email=?"}
{"timestamp":"2025-10-23T23:36:08.645+0530","level":"WARN","traceId":"","thread":"HikariPool-1:housekeeper","logger":"com.zaxxer.hikari.pool.HikariPool","message":"HikariPool-1 - Thread starvation or clock leap detected (housekeeper delta=2m45s484ms)."}
{"timestamp":"2025-10-23T23:36:17.357+0530","level":"DEBUG","traceId":"","thread":"http-nio-8080-exec-8","logger":"org.hibernate.SQL","message":"
    select
        u1_0.id,
        u1_0.created_at,
        u1_0.display_name,
        u1_0.email,
        u1_0.password,
        u1_0.role 
    from
        users u1_0 
    where
        u1_0.email=?"}
{"timestamp":"2025-10-23T23:36:17.457+0530","level":"DEBUG","traceId":"","thread":"http-nio-8080-exec-8","logger":"org.hibernate.SQL","message":"
    select
        u1_0.id,
        u1_0.created_at,
        u1_0.display_name,
        u1_0.email,
        u1_0.password,
        u1_0.role 
    from
        users u1_0 
    where
        u1_0.email=?"}
{"timestamp":"2025-10-23T23:37:48.435+0530","level":"DEBUG","traceId":"","thread":"http-nio-8080-exec-2","logger":"org.hibernate.SQL","message":"
    select
        u1_0.id,
        u1_0.created_at,
        u1_0.display_name,
        u1_0.email,
        u1_0.password,
        u1_0.role 
    from
        users u1_0 
    where
        u1_0.email=?"}
{"timestamp":"2025-10-23T23:37:48.547+0530","level":"DEBUG","traceId":"","thread":"http-nio-8080-exec-2","logger":"org.hibernate.SQL","message":"
    insert 
    into
        users
        (created_at, display_name, email, password, role, id) 
    values
        (?, ?, ?, ?, ?, ?)"}
{"timestamp":"2025-10-23T23:38:10.305+0530","level":"DEBUG","traceId":"","thread":"http-nio-8080-exec-1","logger":"org.hibernate.SQL","message":"
    select
        u1_0.id,
        u1_0.created_at,
        u1_0.display_name,
        u1_0.email,
        u1_0.password,
        u1_0.role 
    from
        users u1_0 
    where
        u1_0.email=?"}
{"timestamp":"2025-10-23T23:38:10.407+0530","level":"DEBUG","traceId":"","thread":"http-nio-8080-exec-1","logger":"org.hibernate.SQL","message":"
    insert 
    into
        users
        (created_at, display_name, email, password, role, id) 
    values
        (?, ?, ?, ?, ?, ?)"}
{"timestamp":"2025-10-23T23:38:47.539+0530","level":"DEBUG","traceId":"","thread":"http-nio-8080-exec-3","logger":"org.hibernate.SQL","message":"
    select
        u1_0.id,
        u1_0.created_at,
        u1_0.display_name,
        u1_0.email,
        u1_0.password,
        u1_0.role 
    from
        users u1_0 
    where
        u1_0.email=?"}
{"timestamp":"2025-10-23T23:38:47.641+0530","level":"DEBUG","traceId":"","thread":"http-nio-8080-exec-3","logger":"org.hibernate.SQL","message":"
    insert 
    into
        users
        (created_at, display_name, email, password, role, id) 
    values
        (?, ?, ?, ?, ?, ?)"}
{"timestamp":"2025-10-23T23:39:22.938+0530","level":"DEBUG","traceId":"","thread":"http-nio-8080-exec-4","logger":"org.hibernate.SQL","message":"
    select
        u1_0.id,
        u1_0.created_at,
        u1_0.display_name,
        u1_0.email,
        u1_0.password,
        u1_0.role 
    from
        users u1_0 
    where
        u1_0.email=?"}
{"timestamp":"2025-10-23T23:39:23.038+0530","level":"DEBUG","traceId":"","thread":"http-nio-8080-exec-4","logger":"org.hibernate.SQL","message":"
    insert 
    into
        users
        (created_at, display_name, email, password, role, id) 
    values
        (?, ?, ?, ?, ?, ?)"}
{"timestamp":"2025-10-23T23:39:52.453+0530","level":"DEBUG","traceId":"","thread":"http-nio-8080-exec-5","logger":"org.hibernate.SQL","message":"
    select
        u1_0.id,
        u1_0.created_at,
        u1_0.display_name,
        u1_0.email,
        u1_0.password,
        u1_0.role 
    from
        users u1_0 
    where
        u1_0.email=?"}
{"timestamp":"2025-10-23T23:39:52.555+0530","level":"DEBUG","traceId":"","thread":"http-nio-8080-exec-5","logger":"org.hibernate.SQL","message":"
    insert 
    into
        users
        (created_at, display_name, email, password, role, id) 
    values
        (?, ?, ?, ?, ?, ?)"}
{"timestamp":"2025-10-23T23:50:54.994+0530","level":"DEBUG","traceId":"","thread":"http-nio-8080-exec-8","logger":"org.hibernate.SQL","message":"
    select
        u1_0.id,
        u1_0.created_at,
        u1_0.display_name,
        u1_0.email,
        u1_0.password,
        u1_0.role 
    from
        users u1_0 
    where
        u1_0.email=?"}
{"timestamp":"2025-10-23T23:50:55.007+0530","level":"INFO","traceId":"","thread":"http-nio-8080-exec-8","logger":"c.s.d.g.s.impl.GroupServiceImpl","message":"🆕 Creating group: Trip to Goa, owner: admin@settler.com"}
{"timestamp":"2025-10-23T23:50:55.008+0530","level":"DEBUG","traceId":"","thread":"http-nio-8080-exec-8","logger":"org.hibernate.SQL","message":"
    select
        u1_0.id,
        u1_0.created_at,
        u1_0.display_name,
        u1_0.email,
        u1_0.password,
        u1_0.role 
    from
        users u1_0 
    where
        u1_0.email=?"}
{"timestamp":"2025-10-23T23:50:55.011+0530","level":"INFO","traceId":"","thread":"http-nio-8080-exec-8","logger":"c.s.d.g.s.impl.GroupServiceImpl","message":"✅ Group 'Trip to Goa' created and admin@settler.com set as ADMIN"}
{"timestamp":"2025-10-23T23:50:55.012+0530","level":"DEBUG","traceId":"","thread":"http-nio-8080-exec-8","logger":"org.hibernate.SQL","message":"
    insert 
    into
        groups
        (created_at, currency_code, name, owner_id, id) 
    values
        (?, ?, ?, ?, ?)"}
{"timestamp":"2025-10-23T23:50:55.016+0530","level":"DEBUG","traceId":"","thread":"http-nio-8080-exec-8","logger":"org.hibernate.SQL","message":"
    insert 
    into
        group_members
        (group_id, joined_at, role, user_id, id) 
    values
        (?, ?, ?, ?, ?)"}
{"timestamp":"2025-10-23T23:52:27.518+0530","level":"DEBUG","traceId":"","thread":"http-nio-8080-exec-2","logger":"org.hibernate.SQL","message":"
    select
        u1_0.id,
        u1_0.created_at,
        u1_0.display_name,
        u1_0.email,
        u1_0.password,
        u1_0.role 
    from
        users u1_0 
    where
        u1_0.email=?"}
{"timestamp":"2025-10-23T23:52:27.525+0530","level":"INFO","traceId":"","thread":"http-nio-8080-exec-2","logger":"c.s.d.g.s.impl.GroupServiceImpl","message":"🆕 Creating group: Trip to Goa, owner: admin@settler.com"}
{"timestamp":"2025-10-23T23:52:27.528+0530","level":"DEBUG","traceId":"","thread":"http-nio-8080-exec-2","logger":"org.hibernate.SQL","message":"
    select
        u1_0.id,
        u1_0.created_at,
        u1_0.display_name,
        u1_0.email,
        u1_0.password,
        u1_0.role 
    from
        users u1_0 
    where
        u1_0.email=?"}
{"timestamp":"2025-10-23T23:52:27.530+0530","level":"INFO","traceId":"","thread":"http-nio-8080-exec-2","logger":"c.s.d.g.s.impl.GroupServiceImpl","message":"✅ Group 'Trip to Goa' created and admin@settler.com set as ADMIN"}
{"timestamp":"2025-10-23T23:52:27.531+0530","level":"DEBUG","traceId":"","thread":"http-nio-8080-exec-2","logger":"org.hibernate.SQL","message":"
    insert 
    into
        groups
        (created_at, currency_code, name, owner_id, id) 
    values
        (?, ?, ?, ?, ?)"}
{"timestamp":"2025-10-23T23:52:27.533+0530","level":"DEBUG","traceId":"","thread":"http-nio-8080-exec-2","logger":"org.hibernate.SQL","message":"
    insert 
    into
        group_members
        (group_id, joined_at, role, user_id, id) 
    values
        (?, ?, ?, ?, ?)"}
{"timestamp":"2025-10-23T23:56:04.501+0530","level":"INFO","traceId":"","thread":"SpringApplicationShutdownHook","logger":"o.s.b.w.e.tomcat.GracefulShutdown","message":"Commencing graceful shutdown. Waiting for active requests to complete"}
{"timestamp":"2025-10-23T23:56:04.506+0530","level":"INFO","traceId":"","thread":"tomcat-shutdown","logger":"o.s.b.w.e.tomcat.GracefulShutdown","message":"Graceful shutdown complete"}
{"timestamp":"2025-10-23T23:56:04.519+0530","level":"INFO","traceId":"","thread":"SpringApplicationShutdownHook","logger":"o.s.o.j.LocalContainerEntityManagerFactoryBean","message":"Closing JPA EntityManagerFactory for persistence unit 'default'"}
{"timestamp":"2025-10-23T23:56:04.520+0530","level":"INFO","traceId":"","thread":"SpringApplicationShutdownHook","logger":"com.zaxxer.hikari.HikariDataSource","message":"HikariPool-1 - Shutdown initiated..."}
{"timestamp":"2025-10-23T23:56:04.521+0530","level":"INFO","traceId":"","thread":"SpringApplicationShutdownHook","logger":"com.zaxxer.hikari.HikariDataSource","message":"HikariPool-1 - Shutdown completed."}
