{"timestamp":"2025-10-21T22:49:46.061+0530","level":"INFO","traceId":"","thread":"background-preinit","logger":"o.h.validator.internal.util.Version","message":"HV000001: Hibernate Validator 8.0.3.Final"}
{"timestamp":"2025-10-21T22:49:46.079+0530","level":"INFO","traceId":"","thread":"main","logger":"c.settler.SettlerServiceApplication","message":"Starting SettlerServiceApplication using Java 21.0.8 with PID 1877 (/Users/rahul/Documents/Java/Settler/target/classes started by rahul in /Users/rahul/Documents/Java/Settler)"}
{"timestamp":"2025-10-21T22:49:46.079+0530","level":"DEBUG","traceId":"","thread":"main","logger":"c.settler.SettlerServiceApplication","message":"Running with Spring Boot v3.5.6, Spring v6.2.11"}
{"timestamp":"2025-10-21T22:49:46.080+0530","level":"INFO","traceId":"","thread":"main","logger":"c.settler.SettlerServiceApplication","message":"No active profile set, falling back to 1 default profile: "default""}
{"timestamp":"2025-10-21T22:49:46.378+0530","level":"INFO","traceId":"","thread":"main","logger":"o.s.d.r.c.RepositoryConfigurationDelegate","message":"Multiple Spring Data modules found, entering strict repository configuration mode"}
{"timestamp":"2025-10-21T22:49:46.379+0530","level":"INFO","traceId":"","thread":"main","logger":"o.s.d.r.c.RepositoryConfigurationDelegate","message":"Bootstrapping Spring Data JPA repositories in DEFAULT mode."}
{"timestamp":"2025-10-21T22:49:46.435+0530","level":"INFO","traceId":"","thread":"main","logger":"o.s.d.r.c.RepositoryConfigurationDelegate","message":"Finished Spring Data repository scanning in 53 ms. Found 6 JPA repository interfaces."}
{"timestamp":"2025-10-21T22:49:46.445+0530","level":"INFO","traceId":"","thread":"main","logger":"o.s.d.r.c.RepositoryConfigurationDelegate","message":"Multiple Spring Data modules found, entering strict repository configuration mode"}
{"timestamp":"2025-10-21T22:49:46.446+0530","level":"INFO","traceId":"","thread":"main","logger":"o.s.d.r.c.RepositoryConfigurationDelegate","message":"Bootstrapping Spring Data Redis repositories in DEFAULT mode."}
{"timestamp":"2025-10-21T22:49:46.453+0530","level":"INFO","traceId":"","thread":"main","logger":"o.s.d.r.c.RepositoryConfigurationExtensionSupport","message":"Spring Data Redis - Could not safely identify store assignment for repository candidate interface com.settler.domain.expenses.repo.ExpenseRepository; If you want this repository to be a Redis repository, consider annotating your entities with one of these annotations: org.springframework.data.redis.core.RedisHash (preferred), or consider extending one of the following types with your repository: org.springframework.data.keyvalue.repository.KeyValueRepository"}
{"timestamp":"2025-10-21T22:49:46.453+0530","level":"INFO","traceId":"","thread":"main","logger":"o.s.d.r.c.RepositoryConfigurationExtensionSupport","message":"Spring Data Redis - Could not safely identify store assignment for repository candidate interface com.settler.domain.expenses.repo.ExpenseSplitRepository; If you want this repository to be a Redis repository, consider annotating your entities with one of these annotations: org.springframework.data.redis.core.RedisHash (preferred), or consider extending one of the following types with your repository: org.springframework.data.keyvalue.repository.KeyValueRepository"}
{"timestamp":"2025-10-21T22:49:46.453+0530","level":"INFO","traceId":"","thread":"main","logger":"o.s.d.r.c.RepositoryConfigurationExtensionSupport","message":"Spring Data Redis - Could not safely identify store assignment for repository candidate interface com.settler.domain.groups.repo.GroupMemberRepository; If you want this repository to be a Redis repository, consider annotating your entities with one of these annotations: org.springframework.data.redis.core.RedisHash (preferred), or consider extending one of the following types with your repository: org.springframework.data.keyvalue.repository.KeyValueRepository"}
{"timestamp":"2025-10-21T22:49:46.454+0530","level":"INFO","traceId":"","thread":"main","logger":"o.s.d.r.c.RepositoryConfigurationExtensionSupport","message":"Spring Data Redis - Could not safely identify store assignment for repository candidate interface com.settler.domain.groups.repo.GroupRepository; If you want this repository to be a Redis repository, consider annotating your entities with one of these annotations: org.springframework.data.redis.core.RedisHash (preferred), or consider extending one of the following types with your repository: org.springframework.data.keyvalue.repository.KeyValueRepository"}
{"timestamp":"2025-10-21T22:49:46.454+0530","level":"INFO","traceId":"","thread":"main","logger":"o.s.d.r.c.RepositoryConfigurationExtensionSupport","message":"Spring Data Redis - Could not safely identify store assignment for repository candidate interface com.settler.domain.settlements.repo.SettlementRepository; If you want this repository to be a Redis repository, consider annotating your entities with one of these annotations: org.springframework.data.redis.core.RedisHash (preferred), or consider extending one of the following types with your repository: org.springframework.data.keyvalue.repository.KeyValueRepository"}
{"timestamp":"2025-10-21T22:49:46.454+0530","level":"INFO","traceId":"","thread":"main","logger":"o.s.d.r.c.RepositoryConfigurationExtensionSupport","message":"Spring Data Redis - Could not safely identify store assignment for repository candidate interface com.settler.domain.users.repo.UserRepository; If you want this repository to be a Redis repository, consider annotating your entities with one of these annotations: org.springframework.data.redis.core.RedisHash (preferred), or consider extending one of the following types with your repository: org.springframework.data.keyvalue.repository.KeyValueRepository"}
{"timestamp":"2025-10-21T22:49:46.454+0530","level":"INFO","traceId":"","thread":"main","logger":"o.s.d.r.c.RepositoryConfigurationDelegate","message":"Finished Spring Data repository scanning in 4 ms. Found 0 Redis repository interfaces."}
{"timestamp":"2025-10-21T22:49:46.671+0530","level":"INFO","traceId":"","thread":"main","logger":"o.s.b.w.e.tomcat.TomcatWebServer","message":"Tomcat initialized with port 8080 (http)"}
{"timestamp":"2025-10-21T22:49:46.677+0530","level":"INFO","traceId":"","thread":"main","logger":"o.a.coyote.http11.Http11NioProtocol","message":"Initializing ProtocolHandler ["http-nio-8080"]"}
{"timestamp":"2025-10-21T22:49:46.678+0530","level":"INFO","traceId":"","thread":"main","logger":"o.a.catalina.core.StandardService","message":"Starting service [Tomcat]"}
{"timestamp":"2025-10-21T22:49:46.678+0530","level":"INFO","traceId":"","thread":"main","logger":"o.a.catalina.core.StandardEngine","message":"Starting Servlet engine: [Apache Tomcat/10.1.46]"}
{"timestamp":"2025-10-21T22:49:46.698+0530","level":"INFO","traceId":"","thread":"main","logger":"o.a.c.c.C.[Tomcat].[localhost].[/]","message":"Initializing Spring embedded WebApplicationContext"}
{"timestamp":"2025-10-21T22:49:46.699+0530","level":"INFO","traceId":"","thread":"main","logger":"o.s.b.w.s.c.ServletWebServerApplicationContext","message":"Root WebApplicationContext: initialization completed in 604 ms"}
{"timestamp":"2025-10-21T22:49:46.781+0530","level":"INFO","traceId":"","thread":"main","logger":"com.zaxxer.hikari.HikariDataSource","message":"HikariPool-1 - Starting..."}
{"timestamp":"2025-10-21T22:49:46.845+0530","level":"INFO","traceId":"","thread":"main","logger":"com.zaxxer.hikari.pool.HikariPool","message":"HikariPool-1 - Added connection org.postgresql.jdbc.PgConnection@627acb38"}
{"timestamp":"2025-10-21T22:49:46.845+0530","level":"INFO","traceId":"","thread":"main","logger":"com.zaxxer.hikari.HikariDataSource","message":"HikariPool-1 - Start completed."}
{"timestamp":"2025-10-21T22:49:46.855+0530","level":"INFO","traceId":"","thread":"main","logger":"org.flywaydb.core.FlywayExecutor","message":"Database: jdbc:postgresql://localhost:5432/settler (PostgreSQL 18.0)"}
{"timestamp":"2025-10-21T22:49:46.861+0530","level":"WARN","traceId":"","thread":"main","logger":"o.f.c.i.database.base.Database","message":"Flyway upgrade recommended: PostgreSQL 18.0 is newer than this version of Flyway and support has not been tested. The latest supported version of PostgreSQL is 17."}
{"timestamp":"2025-10-21T22:49:46.877+0530","level":"INFO","traceId":"","thread":"main","logger":"o.f.core.internal.command.DbValidate","message":"Successfully validated 6 migrations (execution time 00:00.012s)"}
{"timestamp":"2025-10-21T22:49:46.896+0530","level":"INFO","traceId":"","thread":"main","logger":"o.f.core.internal.command.DbMigrate","message":"Current version of schema "public": 007"}
{"timestamp":"2025-10-21T22:49:46.897+0530","level":"INFO","traceId":"","thread":"main","logger":"o.f.core.internal.command.DbMigrate","message":"Schema "public" is up to date. No migration necessary."}
{"timestamp":"2025-10-21T22:49:46.934+0530","level":"INFO","traceId":"","thread":"main","logger":"o.h.jpa.internal.util.LogHelper","message":"HHH000204: Processing PersistenceUnitInfo [name: default]"}
{"timestamp":"2025-10-21T22:49:46.957+0530","level":"INFO","traceId":"","thread":"main","logger":"org.hibernate.Version","message":"HHH000412: Hibernate ORM core version 6.6.29.Final"}
{"timestamp":"2025-10-21T22:49:46.970+0530","level":"INFO","traceId":"","thread":"main","logger":"o.h.c.i.RegionFactoryInitiator","message":"HHH000026: Second-level cache disabled"}
{"timestamp":"2025-10-21T22:49:47.063+0530","level":"INFO","traceId":"","thread":"main","logger":"o.s.o.j.p.SpringPersistenceUnitInfo","message":"No LoadTimeWeaver setup: ignoring JPA class transformer"}
{"timestamp":"2025-10-21T22:49:47.093+0530","level":"INFO","traceId":"","thread":"main","logger":"o.hibernate.orm.connections.pooling","message":"HHH10001005: Database info:
	Database JDBC URL [Connecting through datasource 'HikariDataSource (HikariPool-1)']
	Database driver: undefined/unknown
	Database version: 18.0
	Autocommit mode: undefined/unknown
	Isolation level: undefined/unknown
	Minimum pool size: undefined/unknown
	Maximum pool size: undefined/unknown"}
{"timestamp":"2025-10-21T22:49:47.422+0530","level":"INFO","traceId":"","thread":"main","logger":"o.h.e.t.j.p.i.JtaPlatformInitiator","message":"HHH000489: No JTA platform available (set 'hibernate.transaction.jta.platform' to enable JTA platform integration)"}
{"timestamp":"2025-10-21T22:49:47.423+0530","level":"INFO","traceId":"","thread":"main","logger":"o.s.o.j.LocalContainerEntityManagerFactoryBean","message":"Initialized JPA EntityManagerFactory for persistence unit 'default'"}
{"timestamp":"2025-10-21T22:49:47.537+0530","level":"DEBUG","traceId":"","thread":"main","logger":"c.s.c.s.JwtAuthenticationFilter","message":"Filter 'jwtAuthenticationFilter' configured for use"}
{"timestamp":"2025-10-21T22:49:47.537+0530","level":"DEBUG","traceId":"","thread":"main","logger":"c.s.config.filter.E2ERequestFilter","message":"Filter 'e2ERequestFilter' configured for use"}
{"timestamp":"2025-10-21T22:49:47.552+0530","level":"INFO","traceId":"","thread":"main","logger":"c.s.config.flyway.FlywayRepairConfig","message":"🧹 Running Flyway repair before migration..."}
{"timestamp":"2025-10-21T22:49:47.554+0530","level":"WARN","traceId":"","thread":"main","logger":"o.f.c.i.database.base.Database","message":"Flyway upgrade recommended: PostgreSQL 18.0 is newer than this version of Flyway and support has not been tested. The latest supported version of PostgreSQL is 17."}
{"timestamp":"2025-10-21T22:49:47.556+0530","level":"INFO","traceId":"","thread":"main","logger":"o.f.c.i.s.JdbcTableSchemaHistory","message":"Repair of failed migration in Schema History table "public"."flyway_schema_history" not necessary. No failed migration detected."}
{"timestamp":"2025-10-21T22:49:47.559+0530","level":"INFO","traceId":"","thread":"main","logger":"o.f.core.internal.command.DbRepair","message":"Successfully repaired schema history table "public"."flyway_schema_history" (execution time 00:00.004s)."}
{"timestamp":"2025-10-21T22:49:47.560+0530","level":"INFO","traceId":"","thread":"main","logger":"c.s.config.flyway.FlywayRepairConfig","message":"✅ Flyway repair completed successfully."}
{"timestamp":"2025-10-21T22:49:47.560+0530","level":"INFO","traceId":"","thread":"main","logger":"c.s.config.flyway.FlywayRepairConfig","message":"🚀 Running Flyway migration..."}
{"timestamp":"2025-10-21T22:49:47.562+0530","level":"WARN","traceId":"","thread":"main","logger":"o.f.c.i.database.base.Database","message":"Flyway upgrade recommended: PostgreSQL 18.0 is newer than this version of Flyway and support has not been tested. The latest supported version of PostgreSQL is 17."}
{"timestamp":"2025-10-21T22:49:47.564+0530","level":"INFO","traceId":"","thread":"main","logger":"o.f.core.internal.command.DbValidate","message":"Successfully validated 6 migrations (execution time 00:00.002s)"}
{"timestamp":"2025-10-21T22:49:47.566+0530","level":"INFO","traceId":"","thread":"main","logger":"o.f.core.internal.command.DbMigrate","message":"Current version of schema "public": 007"}
{"timestamp":"2025-10-21T22:49:47.567+0530","level":"INFO","traceId":"","thread":"main","logger":"o.f.core.internal.command.DbMigrate","message":"Schema "public" is up to date. No migration necessary."}
{"timestamp":"2025-10-21T22:49:47.567+0530","level":"INFO","traceId":"","thread":"main","logger":"c.s.config.flyway.FlywayRepairConfig","message":"✅ Flyway migration completed successfully."}
{"timestamp":"2025-10-21T22:49:47.589+0530","level":"INFO","traceId":"","thread":"main","logger":"o.s.s.c.a.a.c.InitializeAuthenticationProviderBeanManagerConfigurer$InitializeAuthenticationProviderManagerConfigurer","message":"Global AuthenticationManager configured with AuthenticationProvider bean with name authenticationProvider"}
{"timestamp":"2025-10-21T22:49:47.589+0530","level":"WARN","traceId":"","thread":"main","logger":"o.s.s.c.a.a.c.InitializeUserDetailsBeanManagerConfigurer$InitializeUserDetailsManagerConfigurer","message":"Global AuthenticationManager configured with an AuthenticationProvider bean. UserDetailsService beans will not be used by Spring Security for automatically configuring username/password login. Consider removing the AuthenticationProvider bean. Alternatively, consider using the UserDetailsService in a manually instantiated DaoAuthenticationProvider. If the current configuration is intentional, to turn off this warning, increase the logging level of 'org.springframework.security.config.annotation.authentication.configuration.InitializeUserDetailsBeanManagerConfigurer' to ERROR"}
{"timestamp":"2025-10-21T22:49:48.131+0530","level":"INFO","traceId":"","thread":"main","logger":"o.a.coyote.http11.Http11NioProtocol","message":"Starting ProtocolHandler ["http-nio-8080"]"}
{"timestamp":"2025-10-21T22:49:48.137+0530","level":"INFO","traceId":"","thread":"main","logger":"o.s.b.w.e.tomcat.TomcatWebServer","message":"Tomcat started on port 8080 (http) with context path '/'"}
{"timestamp":"2025-10-21T22:49:48.142+0530","level":"INFO","traceId":"","thread":"main","logger":"c.settler.SettlerServiceApplication","message":"Started SettlerServiceApplication in 2.248 seconds (process running for 2.356)"}
{"timestamp":"2025-10-21T22:49:48.191+0530","level":"DEBUG","traceId":"","thread":"main","logger":"org.hibernate.SQL","message":"
    select
        u1_0.id,
        u1_0.created_at,
        u1_0.display_name,
        u1_0.email,
        u1_0.password,
        u1_0.role 
    from
        users u1_0 
    where
        u1_0.email=?"}
{"timestamp":"2025-10-21T22:49:48.201+0530","level":"INFO","traceId":"","thread":"main","logger":"c.s.d.u.service.impl.DataInitializer","message":"🟢 Admin user already exists."}
{"timestamp":"2025-10-21T22:49:48.202+0530","level":"INFO","traceId":"","thread":"main","logger":"c.settler.SettlerServiceApplication","message":"✅ Settler Service Started Successfully!"}
{"timestamp":"2025-10-21T22:58:11.346+0530","level":"WARN","traceId":"","thread":"HikariPool-1:housekeeper","logger":"com.zaxxer.hikari.pool.HikariPool","message":"HikariPool-1 - Thread starvation or clock leap detected (housekeeper delta=6m24s375ms)."}
{"timestamp":"2025-10-21T22:59:41.087+0530","level":"INFO","traceId":"","thread":"http-nio-8080-exec-1","logger":"o.a.coyote.http11.Http11Processor","message":"Error parsing HTTP request header
 Note: further occurrences of HTTP request parsing errors will be logged at DEBUG level."}
java.lang.IllegalArgumentException: Invalid character found in method name [0x160x030x010x000xf30x010x000x000xef0x030x030x1aj0xd30x010xfbt0xa20xff0xfa0x1d}Q(v0xb70xe28]0xa30xd40xe18d0xe50xf60x82P0x83N0xb0y0x02 ]. HTTP method names must be tokens
	at org.apache.coyote.http11.Http11InputBuffer.parseRequestLine(Http11InputBuffer.java:403)
	at org.apache.coyote.http11.Http11Processor.service(Http11Processor.java:271)
	at org.apache.coyote.AbstractProcessorLight.process(AbstractProcessorLight.java:63)
	at org.apache.coyote.AbstractProtocol$ConnectionHandler.process(AbstractProtocol.java:903)
	at org.apache.tomcat.util.net.NioEndpoint$SocketProcessor.doRun(NioEndpoint.java:1776)
	at org.apache.tomcat.util.net.SocketProcessorBase.run(SocketProcessorBase.java:52)
	at org.apache.tomcat.util.threads.ThreadPoolExecutor.runWorker(ThreadPoolExecutor.java:975)
	at org.apache.tomcat.util.threads.ThreadPoolExecutor$Worker.run(ThreadPoolExecutor.java:493)
	at org.apache.tomcat.util.threads.TaskThread$WrappingRunnable.run(TaskThread.java:63)
	at java.base/java.lang.Thread.run(Thread.java:1583)
{"timestamp":"2025-10-21T23:00:03.396+0530","level":"INFO","traceId":"","thread":"http-nio-8080-exec-3","logger":"o.a.c.c.C.[Tomcat].[localhost].[/]","message":"Initializing Spring DispatcherServlet 'dispatcherServlet'"}
{"timestamp":"2025-10-21T23:00:03.397+0530","level":"INFO","traceId":"","thread":"http-nio-8080-exec-3","logger":"o.s.web.servlet.DispatcherServlet","message":"Initializing Servlet 'dispatcherServlet'"}
{"timestamp":"2025-10-21T23:00:03.399+0530","level":"INFO","traceId":"","thread":"http-nio-8080-exec-3","logger":"o.s.web.servlet.DispatcherServlet","message":"Completed initialization in 2 ms"}
{"timestamp":"2025-10-21T23:17:42.714+0530","level":"WARN","traceId":"","thread":"HikariPool-1:housekeeper","logger":"com.zaxxer.hikari.pool.HikariPool","message":"HikariPool-1 - Thread starvation or clock leap detected (housekeeper delta=15m31s333ms)."}
{"timestamp":"2025-10-21T23:43:34.921+0530","level":"WARN","traceId":"","thread":"HikariPool-1:housekeeper","logger":"com.zaxxer.hikari.pool.HikariPool","message":"HikariPool-1 - Thread starvation or clock leap detected (housekeeper delta=25m52s207ms)."}
{"timestamp":"2025-10-21T23:59:06.288+0530","level":"WARN","traceId":"","thread":"HikariPool-1:housekeeper","logger":"com.zaxxer.hikari.pool.HikariPool","message":"HikariPool-1 - Thread starvation or clock leap detected (housekeeper delta=15m31s367ms)."}
