{"timestamp":"2025-10-24T09:46:04.445+0530","level":"INFO","traceId":"","thread":"background-preinit","logger":"o.h.validator.internal.util.Version","message":"HV000001: Hibernate Validator 8.0.3.Final"}
{"timestamp":"2025-10-24T09:46:04.465+0530","level":"INFO","traceId":"","thread":"main","logger":"c.settler.SettlerServiceApplication","message":"Starting SettlerServiceApplication using Java 21.0.8 with PID 1684 (/Users/rahul/Documents/Java/Settler/target/classes started by rahul in /Users/rahul/Documents/Java/Settler)"}
{"timestamp":"2025-10-24T09:46:04.465+0530","level":"DEBUG","traceId":"","thread":"main","logger":"c.settler.SettlerServiceApplication","message":"Running with Spring Boot v3.5.6, Spring v6.2.11"}
{"timestamp":"2025-10-24T09:46:04.465+0530","level":"INFO","traceId":"","thread":"main","logger":"c.settler.SettlerServiceApplication","message":"No active profile set, falling back to 1 default profile: "default""}
{"timestamp":"2025-10-24T09:46:04.759+0530","level":"INFO","traceId":"","thread":"main","logger":"o.s.d.r.c.RepositoryConfigurationDelegate","message":"Multiple Spring Data modules found, entering strict repository configuration mode"}
{"timestamp":"2025-10-24T09:46:04.760+0530","level":"INFO","traceId":"","thread":"main","logger":"o.s.d.r.c.RepositoryConfigurationDelegate","message":"Bootstrapping Spring Data JPA repositories in DEFAULT mode."}
{"timestamp":"2025-10-24T09:46:04.818+0530","level":"INFO","traceId":"","thread":"main","logger":"o.s.d.r.c.RepositoryConfigurationDelegate","message":"Finished Spring Data repository scanning in 55 ms. Found 6 JPA repository interfaces."}
{"timestamp":"2025-10-24T09:46:04.829+0530","level":"INFO","traceId":"","thread":"main","logger":"o.s.d.r.c.RepositoryConfigurationDelegate","message":"Multiple Spring Data modules found, entering strict repository configuration mode"}
{"timestamp":"2025-10-24T09:46:04.829+0530","level":"INFO","traceId":"","thread":"main","logger":"o.s.d.r.c.RepositoryConfigurationDelegate","message":"Bootstrapping Spring Data Redis repositories in DEFAULT mode."}
{"timestamp":"2025-10-24T09:46:04.836+0530","level":"INFO","traceId":"","thread":"main","logger":"o.s.d.r.c.RepositoryConfigurationExtensionSupport","message":"Spring Data Redis - Could not safely identify store assignment for repository candidate interface com.settler.domain.expenses.repo.ExpenseRepository; If you want this repository to be a Redis repository, consider annotating your entities with one of these annotations: org.springframework.data.redis.core.RedisHash (preferred), or consider extending one of the following types with your repository: org.springframework.data.keyvalue.repository.KeyValueRepository"}
{"timestamp":"2025-10-24T09:46:04.836+0530","level":"INFO","traceId":"","thread":"main","logger":"o.s.d.r.c.RepositoryConfigurationExtensionSupport","message":"Spring Data Redis - Could not safely identify store assignment for repository candidate interface com.settler.domain.expenses.repo.ExpenseSplitRepository; If you want this repository to be a Redis repository, consider annotating your entities with one of these annotations: org.springframework.data.redis.core.RedisHash (preferred), or consider extending one of the following types with your repository: org.springframework.data.keyvalue.repository.KeyValueRepository"}
{"timestamp":"2025-10-24T09:46:04.836+0530","level":"INFO","traceId":"","thread":"main","logger":"o.s.d.r.c.RepositoryConfigurationExtensionSupport","message":"Spring Data Redis - Could not safely identify store assignment for repository candidate interface com.settler.domain.groups.repo.GroupMemberRepository; If you want this repository to be a Redis repository, consider annotating your entities with one of these annotations: org.springframework.data.redis.core.RedisHash (preferred), or consider extending one of the following types with your repository: org.springframework.data.keyvalue.repository.KeyValueRepository"}
{"timestamp":"2025-10-24T09:46:04.837+0530","level":"INFO","traceId":"","thread":"main","logger":"o.s.d.r.c.RepositoryConfigurationExtensionSupport","message":"Spring Data Redis - Could not safely identify store assignment for repository candidate interface com.settler.domain.groups.repo.GroupRepository; If you want this repository to be a Redis repository, consider annotating your entities with one of these annotations: org.springframework.data.redis.core.RedisHash (preferred), or consider extending one of the following types with your repository: org.springframework.data.keyvalue.repository.KeyValueRepository"}
{"timestamp":"2025-10-24T09:46:04.837+0530","level":"INFO","traceId":"","thread":"main","logger":"o.s.d.r.c.RepositoryConfigurationExtensionSupport","message":"Spring Data Redis - Could not safely identify store assignment for repository candidate interface com.settler.domain.settlements.repo.SettlementRepository; If you want this repository to be a Redis repository, consider annotating your entities with one of these annotations: org.springframework.data.redis.core.RedisHash (preferred), or consider extending one of the following types with your repository: org.springframework.data.keyvalue.repository.KeyValueRepository"}
{"timestamp":"2025-10-24T09:46:04.837+0530","level":"INFO","traceId":"","thread":"main","logger":"o.s.d.r.c.RepositoryConfigurationExtensionSupport","message":"Spring Data Redis - Could not safely identify store assignment for repository candidate interface com.settler.domain.users.repo.UserRepository; If you want this repository to be a Redis repository, consider annotating your entities with one of these annotations: org.springframework.data.redis.core.RedisHash (preferred), or consider extending one of the following types with your repository: org.springframework.data.keyvalue.repository.KeyValueRepository"}
{"timestamp":"2025-10-24T09:46:04.837+0530","level":"INFO","traceId":"","thread":"main","logger":"o.s.d.r.c.RepositoryConfigurationDelegate","message":"Finished Spring Data repository scanning in 3 ms. Found 0 Redis repository interfaces."}
{"timestamp":"2025-10-24T09:46:05.053+0530","level":"INFO","traceId":"","thread":"main","logger":"o.s.b.w.e.tomcat.TomcatWebServer","message":"Tomcat initialized with port 8080 (http)"}
{"timestamp":"2025-10-24T09:46:05.058+0530","level":"INFO","traceId":"","thread":"main","logger":"o.a.coyote.http11.Http11NioProtocol","message":"Initializing ProtocolHandler ["http-nio-8080"]"}
{"timestamp":"2025-10-24T09:46:05.059+0530","level":"INFO","traceId":"","thread":"main","logger":"o.a.catalina.core.StandardService","message":"Starting service [Tomcat]"}
{"timestamp":"2025-10-24T09:46:05.059+0530","level":"INFO","traceId":"","thread":"main","logger":"o.a.catalina.core.StandardEngine","message":"Starting Servlet engine: [Apache Tomcat/10.1.46]"}
{"timestamp":"2025-10-24T09:46:05.080+0530","level":"INFO","traceId":"","thread":"main","logger":"o.a.c.c.C.[Tomcat].[localhost].[/]","message":"Initializing Spring embedded WebApplicationContext"}
{"timestamp":"2025-10-24T09:46:05.080+0530","level":"INFO","traceId":"","thread":"main","logger":"o.s.b.w.s.c.ServletWebServerApplicationContext","message":"Root WebApplicationContext: initialization completed in 602 ms"}
{"timestamp":"2025-10-24T09:46:05.162+0530","level":"INFO","traceId":"","thread":"main","logger":"com.zaxxer.hikari.HikariDataSource","message":"HikariPool-1 - Starting..."}
{"timestamp":"2025-10-24T09:46:05.222+0530","level":"INFO","traceId":"","thread":"main","logger":"com.zaxxer.hikari.pool.HikariPool","message":"HikariPool-1 - Added connection org.postgresql.jdbc.PgConnection@137a4b54"}
{"timestamp":"2025-10-24T09:46:05.222+0530","level":"INFO","traceId":"","thread":"main","logger":"com.zaxxer.hikari.HikariDataSource","message":"HikariPool-1 - Start completed."}
{"timestamp":"2025-10-24T09:46:05.231+0530","level":"INFO","traceId":"","thread":"main","logger":"org.flywaydb.core.FlywayExecutor","message":"Database: jdbc:postgresql://localhost:5432/settler (PostgreSQL 18.0)"}
{"timestamp":"2025-10-24T09:46:05.237+0530","level":"WARN","traceId":"","thread":"main","logger":"o.f.c.i.database.base.Database","message":"Flyway upgrade recommended: PostgreSQL 18.0 is newer than this version of Flyway and support has not been tested. The latest supported version of PostgreSQL is 17."}
{"timestamp":"2025-10-24T09:46:05.254+0530","level":"INFO","traceId":"","thread":"main","logger":"o.f.core.internal.command.DbValidate","message":"Successfully validated 6 migrations (execution time 00:00.012s)"}
{"timestamp":"2025-10-24T09:46:05.271+0530","level":"INFO","traceId":"","thread":"main","logger":"o.f.core.internal.command.DbMigrate","message":"Current version of schema "public": 007"}
{"timestamp":"2025-10-24T09:46:05.273+0530","level":"INFO","traceId":"","thread":"main","logger":"o.f.core.internal.command.DbMigrate","message":"Schema "public" is up to date. No migration necessary."}
{"timestamp":"2025-10-24T09:46:05.307+0530","level":"INFO","traceId":"","thread":"main","logger":"o.h.jpa.internal.util.LogHelper","message":"HHH000204: Processing PersistenceUnitInfo [name: default]"}
{"timestamp":"2025-10-24T09:46:05.329+0530","level":"INFO","traceId":"","thread":"main","logger":"org.hibernate.Version","message":"HHH000412: Hibernate ORM core version 6.6.29.Final"}
{"timestamp":"2025-10-24T09:46:05.341+0530","level":"INFO","traceId":"","thread":"main","logger":"o.h.c.i.RegionFactoryInitiator","message":"HHH000026: Second-level cache disabled"}
{"timestamp":"2025-10-24T09:46:05.434+0530","level":"INFO","traceId":"","thread":"main","logger":"o.s.o.j.p.SpringPersistenceUnitInfo","message":"No LoadTimeWeaver setup: ignoring JPA class transformer"}
{"timestamp":"2025-10-24T09:46:05.464+0530","level":"INFO","traceId":"","thread":"main","logger":"o.hibernate.orm.connections.pooling","message":"HHH10001005: Database info:
	Database JDBC URL [Connecting through datasource 'HikariDataSource (HikariPool-1)']
	Database driver: undefined/unknown
	Database version: 18.0
	Autocommit mode: undefined/unknown
	Isolation level: undefined/unknown
	Minimum pool size: undefined/unknown
	Maximum pool size: undefined/unknown"}
{"timestamp":"2025-10-24T09:46:05.790+0530","level":"INFO","traceId":"","thread":"main","logger":"o.h.e.t.j.p.i.JtaPlatformInitiator","message":"HHH000489: No JTA platform available (set 'hibernate.transaction.jta.platform' to enable JTA platform integration)"}
{"timestamp":"2025-10-24T09:46:05.791+0530","level":"INFO","traceId":"","thread":"main","logger":"o.s.o.j.LocalContainerEntityManagerFactoryBean","message":"Initialized JPA EntityManagerFactory for persistence unit 'default'"}
{"timestamp":"2025-10-24T09:46:05.905+0530","level":"DEBUG","traceId":"","thread":"main","logger":"c.s.c.s.JwtAuthenticationFilter","message":"Filter 'jwtAuthenticationFilter' configured for use"}
{"timestamp":"2025-10-24T09:46:05.906+0530","level":"DEBUG","traceId":"","thread":"main","logger":"c.s.config.filter.E2ERequestFilter","message":"Filter 'e2ERequestFilter' configured for use"}
{"timestamp":"2025-10-24T09:46:05.919+0530","level":"INFO","traceId":"","thread":"main","logger":"c.s.config.flyway.FlywayRepairConfig","message":"🧹 Running Flyway repair before migration..."}
{"timestamp":"2025-10-24T09:46:05.920+0530","level":"WARN","traceId":"","thread":"main","logger":"o.f.c.i.database.base.Database","message":"Flyway upgrade recommended: PostgreSQL 18.0 is newer than this version of Flyway and support has not been tested. The latest supported version of PostgreSQL is 17."}
{"timestamp":"2025-10-24T09:46:05.923+0530","level":"INFO","traceId":"","thread":"main","logger":"o.f.c.i.s.JdbcTableSchemaHistory","message":"Repair of failed migration in Schema History table "public"."flyway_schema_history" not necessary. No failed migration detected."}
{"timestamp":"2025-10-24T09:46:05.925+0530","level":"INFO","traceId":"","thread":"main","logger":"o.f.core.internal.command.DbRepair","message":"Successfully repaired schema history table "public"."flyway_schema_history" (execution time 00:00.003s)."}
{"timestamp":"2025-10-24T09:46:05.926+0530","level":"INFO","traceId":"","thread":"main","logger":"c.s.config.flyway.FlywayRepairConfig","message":"✅ Flyway repair completed successfully."}
{"timestamp":"2025-10-24T09:46:05.926+0530","level":"INFO","traceId":"","thread":"main","logger":"c.s.config.flyway.FlywayRepairConfig","message":"🚀 Running Flyway migration..."}
{"timestamp":"2025-10-24T09:46:05.928+0530","level":"WARN","traceId":"","thread":"main","logger":"o.f.c.i.database.base.Database","message":"Flyway upgrade recommended: PostgreSQL 18.0 is newer than this version of Flyway and support has not been tested. The latest supported version of PostgreSQL is 17."}
{"timestamp":"2025-10-24T09:46:05.930+0530","level":"INFO","traceId":"","thread":"main","logger":"o.f.core.internal.command.DbValidate","message":"Successfully validated 6 migrations (execution time 00:00.002s)"}
{"timestamp":"2025-10-24T09:46:05.932+0530","level":"INFO","traceId":"","thread":"main","logger":"o.f.core.internal.command.DbMigrate","message":"Current version of schema "public": 007"}
{"timestamp":"2025-10-24T09:46:05.932+0530","level":"INFO","traceId":"","thread":"main","logger":"o.f.core.internal.command.DbMigrate","message":"Schema "public" is up to date. No migration necessary."}
{"timestamp":"2025-10-24T09:46:05.933+0530","level":"INFO","traceId":"","thread":"main","logger":"c.s.config.flyway.FlywayRepairConfig","message":"✅ Flyway migration completed successfully."}
{"timestamp":"2025-10-24T09:46:05.954+0530","level":"INFO","traceId":"","thread":"main","logger":"o.s.s.c.a.a.c.InitializeAuthenticationProviderBeanManagerConfigurer$InitializeAuthenticationProviderManagerConfigurer","message":"Global AuthenticationManager configured with AuthenticationProvider bean with name authenticationProvider"}
{"timestamp":"2025-10-24T09:46:05.955+0530","level":"WARN","traceId":"","thread":"main","logger":"o.s.s.c.a.a.c.InitializeUserDetailsBeanManagerConfigurer$InitializeUserDetailsManagerConfigurer","message":"Global AuthenticationManager configured with an AuthenticationProvider bean. UserDetailsService beans will not be used by Spring Security for automatically configuring username/password login. Consider removing the AuthenticationProvider bean. Alternatively, consider using the UserDetailsService in a manually instantiated DaoAuthenticationProvider. If the current configuration is intentional, to turn off this warning, increase the logging level of 'org.springframework.security.config.annotation.authentication.configuration.InitializeUserDetailsBeanManagerConfigurer' to ERROR"}
{"timestamp":"2025-10-24T09:46:06.496+0530","level":"INFO","traceId":"","thread":"main","logger":"o.a.coyote.http11.Http11NioProtocol","message":"Starting ProtocolHandler ["http-nio-8080"]"}
{"timestamp":"2025-10-24T09:46:06.502+0530","level":"INFO","traceId":"","thread":"main","logger":"o.s.b.w.e.tomcat.TomcatWebServer","message":"Tomcat started on port 8080 (http) with context path '/'"}
{"timestamp":"2025-10-24T09:46:06.507+0530","level":"INFO","traceId":"","thread":"main","logger":"c.settler.SettlerServiceApplication","message":"Started SettlerServiceApplication in 2.234 seconds (process running for 2.339)"}
{"timestamp":"2025-10-24T09:46:06.557+0530","level":"DEBUG","traceId":"","thread":"main","logger":"org.hibernate.SQL","message":"
    select
        u1_0.id,
        u1_0.created_at,
        u1_0.display_name,
        u1_0.email,
        u1_0.password,
        u1_0.role 
    from
        users u1_0 
    where
        u1_0.email=?"}
{"timestamp":"2025-10-24T09:46:06.566+0530","level":"INFO","traceId":"","thread":"main","logger":"c.s.d.u.service.impl.DataInitializer","message":"🟢 Admin user already exists."}
{"timestamp":"2025-10-24T09:46:06.566+0530","level":"INFO","traceId":"","thread":"main","logger":"c.settler.SettlerServiceApplication","message":"✅ Settler Service Started Successfully!"}
{"timestamp":"2025-10-24T09:46:10.052+0530","level":"INFO","traceId":"","thread":"http-nio-8080-exec-1","logger":"o.a.c.c.C.[Tomcat].[localhost].[/]","message":"Initializing Spring DispatcherServlet 'dispatcherServlet'"}
{"timestamp":"2025-10-24T09:46:10.052+0530","level":"INFO","traceId":"","thread":"http-nio-8080-exec-1","logger":"o.s.web.servlet.DispatcherServlet","message":"Initializing Servlet 'dispatcherServlet'"}
{"timestamp":"2025-10-24T09:46:10.054+0530","level":"INFO","traceId":"","thread":"http-nio-8080-exec-1","logger":"o.s.web.servlet.DispatcherServlet","message":"Completed initialization in 1 ms"}
{"timestamp":"2025-10-24T09:46:10.081+0530","level":"DEBUG","traceId":"","thread":"http-nio-8080-exec-1","logger":"org.hibernate.SQL","message":"
    select
        u1_0.id,
        u1_0.created_at,
        u1_0.display_name,
        u1_0.email,
        u1_0.password,
        u1_0.role 
    from
        users u1_0 
    where
        u1_0.email=?"}
{"timestamp":"2025-10-24T09:46:10.098+0530","level":"INFO","traceId":"","thread":"http-nio-8080-exec-1","logger":"c.s.d.g.s.impl.GroupServiceImpl","message":"🔍 Fetching group by ID: e5543fce-8d0d-4f1a-87c3-dd639b25c675"}
{"timestamp":"2025-10-24T09:46:10.102+0530","level":"DEBUG","traceId":"","thread":"http-nio-8080-exec-1","logger":"org.hibernate.SQL","message":"
    select
        g1_0.id,
        g1_0.created_at,
        g1_0.currency_code,
        g1_0.name,
        g1_0.owner_id 
    from
        groups g1_0 
    where
        g1_0.id=?"}
{"timestamp":"2025-10-24T09:46:40.450+0530","level":"DEBUG","traceId":"","thread":"http-nio-8080-exec-4","logger":"org.hibernate.SQL","message":"
    select
        u1_0.id,
        u1_0.created_at,
        u1_0.display_name,
        u1_0.email,
        u1_0.password,
        u1_0.role 
    from
        users u1_0 
    where
        u1_0.email=?"}
{"timestamp":"2025-10-24T09:46:40.457+0530","level":"INFO","traceId":"","thread":"http-nio-8080-exec-4","logger":"c.s.d.g.s.impl.GroupServiceImpl","message":"📋 Fetching groups for user email: admin@settler.com"}
{"timestamp":"2025-10-24T09:46:40.462+0530","level":"DEBUG","traceId":"","thread":"http-nio-8080-exec-4","logger":"org.hibernate.SQL","message":"
    select
        u1_0.id,
        u1_0.created_at,
        u1_0.display_name,
        u1_0.email,
        u1_0.password,
        u1_0.role 
    from
        users u1_0 
    where
        u1_0.email=?"}
{"timestamp":"2025-10-24T09:46:40.470+0530","level":"DEBUG","traceId":"","thread":"http-nio-8080-exec-4","logger":"org.hibernate.SQL","message":"
    select
        gm1_0.id,
        gm1_0.group_id,
        gm1_0.joined_at,
        gm1_0.role,
        gm1_0.user_id 
    from
        group_members gm1_0 
    where
        gm1_0.user_id=?"}
{"timestamp":"2025-10-24T09:46:40.476+0530","level":"DEBUG","traceId":"","thread":"http-nio-8080-exec-4","logger":"org.hibernate.SQL","message":"
    select
        g1_0.id,
        g1_0.created_at,
        g1_0.currency_code,
        g1_0.name,
        g1_0.owner_id 
    from
        groups g1_0 
    where
        g1_0.id=?"}
{"timestamp":"2025-10-24T09:46:40.478+0530","level":"DEBUG","traceId":"","thread":"http-nio-8080-exec-4","logger":"org.hibernate.SQL","message":"
    select
        g1_0.id,
        g1_0.created_at,
        g1_0.currency_code,
        g1_0.name,
        g1_0.owner_id 
    from
        groups g1_0 
    where
        g1_0.id=?"}
{"timestamp":"2025-10-24T09:47:40.469+0530","level":"DEBUG","traceId":"","thread":"http-nio-8080-exec-6","logger":"org.hibernate.SQL","message":"
    select
        u1_0.id,
        u1_0.created_at,
        u1_0.display_name,
        u1_0.email,
        u1_0.password,
        u1_0.role 
    from
        users u1_0 
    where
        u1_0.email=?"}
{"timestamp":"2025-10-24T09:47:40.490+0530","level":"INFO","traceId":"","thread":"http-nio-8080-exec-6","logger":"c.s.d.g.s.impl.GroupServiceImpl","message":"🆕 Creating group: Room 101, owner: admin@settler.com"}
{"timestamp":"2025-10-24T09:47:40.494+0530","level":"DEBUG","traceId":"","thread":"http-nio-8080-exec-6","logger":"org.hibernate.SQL","message":"
    select
        u1_0.id,
        u1_0.created_at,
        u1_0.display_name,
        u1_0.email,
        u1_0.password,
        u1_0.role 
    from
        users u1_0 
    where
        u1_0.email=?"}
{"timestamp":"2025-10-24T09:47:40.503+0530","level":"INFO","traceId":"","thread":"http-nio-8080-exec-6","logger":"c.s.d.g.s.impl.GroupServiceImpl","message":"✅ Group 'Room 101' created and admin@settler.com set as ADMIN"}
{"timestamp":"2025-10-24T09:47:40.510+0530","level":"DEBUG","traceId":"","thread":"http-nio-8080-exec-6","logger":"org.hibernate.SQL","message":"
    insert 
    into
        groups
        (created_at, currency_code, name, owner_id, id) 
    values
        (?, ?, ?, ?, ?)"}
{"timestamp":"2025-10-24T09:47:40.513+0530","level":"DEBUG","traceId":"","thread":"http-nio-8080-exec-6","logger":"org.hibernate.SQL","message":"
    insert 
    into
        group_members
        (group_id, joined_at, role, user_id, id) 
    values
        (?, ?, ?, ?, ?)"}
{"timestamp":"2025-10-24T09:53:54.675+0530","level":"WARN","traceId":"","thread":"HikariPool-1:housekeeper","logger":"com.zaxxer.hikari.pool.HikariPool","message":"HikariPool-1 - Thread starvation or clock leap detected (housekeeper delta=3m49s316ms)."}
{"timestamp":"2025-10-24T09:55:47.928+0530","level":"DEBUG","traceId":"","thread":"http-nio-8080-exec-9","logger":"org.hibernate.SQL","message":"
    select
        u1_0.id,
        u1_0.created_at,
        u1_0.display_name,
        u1_0.email,
        u1_0.password,
        u1_0.role 
    from
        users u1_0 
    where
        u1_0.email=?"}
{"timestamp":"2025-10-24T09:55:47.936+0530","level":"INFO","traceId":"","thread":"http-nio-8080-exec-9","logger":"c.s.d.g.s.i.GroupMemberServiceImpl","message":"➕ Adding user 247c90e9-0b17-401f-9fd2-dad87017ca9d to group ee2f46b8-2cc1-4bb9-b92e-19a047818ca0"}
{"timestamp":"2025-10-24T09:55:47.937+0530","level":"DEBUG","traceId":"","thread":"http-nio-8080-exec-9","logger":"org.hibernate.SQL","message":"
    select
        g1_0.id,
        g1_0.created_at,
        g1_0.currency_code,
        g1_0.name,
        g1_0.owner_id 
    from
        groups g1_0 
    where
        g1_0.id=?"}
{"timestamp":"2025-10-24T09:55:47.940+0530","level":"DEBUG","traceId":"","thread":"http-nio-8080-exec-9","logger":"org.hibernate.SQL","message":"
    select
        u1_0.id,
        u1_0.created_at,
        u1_0.display_name,
        u1_0.email,
        u1_0.password,
        u1_0.role 
    from
        users u1_0 
    where
        u1_0.id=?"}
{"timestamp":"2025-10-24T09:55:47.944+0530","level":"DEBUG","traceId":"","thread":"http-nio-8080-exec-9","logger":"org.hibernate.SQL","message":"
    select
        u1_0.id,
        u1_0.created_at,
        u1_0.display_name,
        u1_0.email,
        u1_0.password,
        u1_0.role 
    from
        users u1_0 
    where
        u1_0.email=?"}
{"timestamp":"2025-10-24T09:55:47.950+0530","level":"DEBUG","traceId":"","thread":"http-nio-8080-exec-9","logger":"org.hibernate.SQL","message":"
    select
        gm1_0.id,
        gm1_0.group_id,
        gm1_0.joined_at,
        gm1_0.role,
        gm1_0.user_id 
    from
        group_members gm1_0 
    where
        gm1_0.group_id=? 
        and gm1_0.user_id=?"}
{"timestamp":"2025-10-24T09:55:47.955+0530","level":"DEBUG","traceId":"","thread":"http-nio-8080-exec-9","logger":"org.hibernate.SQL","message":"
    select
        gm1_0.id,
        gm1_0.group_id,
        gm1_0.joined_at,
        gm1_0.role,
        gm1_0.user_id 
    from
        group_members gm1_0 
    where
        gm1_0.group_id=? 
        and gm1_0.user_id=?"}
{"timestamp":"2025-10-24T09:55:47.958+0530","level":"INFO","traceId":"","thread":"http-nio-8080-exec-9","logger":"c.s.d.g.s.i.GroupMemberServiceImpl","message":"✅ Added member Rahul1@test.com to group Trip to Goa"}
{"timestamp":"2025-10-24T09:55:47.959+0530","level":"DEBUG","traceId":"","thread":"http-nio-8080-exec-9","logger":"org.hibernate.SQL","message":"
    insert 
    into
        group_members
        (group_id, joined_at, role, user_id, id) 
    values
        (?, ?, ?, ?, ?)"}
{"timestamp":"2025-10-24T09:56:04.300+0530","level":"DEBUG","traceId":"","thread":"http-nio-8080-exec-2","logger":"org.hibernate.SQL","message":"
    select
        u1_0.id,
        u1_0.created_at,
        u1_0.display_name,
        u1_0.email,
        u1_0.password,
        u1_0.role 
    from
        users u1_0 
    where
        u1_0.email=?"}
{"timestamp":"2025-10-24T09:56:04.307+0530","level":"INFO","traceId":"","thread":"http-nio-8080-exec-2","logger":"c.s.d.g.s.impl.GroupServiceImpl","message":"📋 Fetching groups for user email: admin@settler.com"}
{"timestamp":"2025-10-24T09:56:04.310+0530","level":"DEBUG","traceId":"","thread":"http-nio-8080-exec-2","logger":"org.hibernate.SQL","message":"
    select
        u1_0.id,
        u1_0.created_at,
        u1_0.display_name,
        u1_0.email,
        u1_0.password,
        u1_0.role 
    from
        users u1_0 
    where
        u1_0.email=?"}
{"timestamp":"2025-10-24T09:56:04.314+0530","level":"DEBUG","traceId":"","thread":"http-nio-8080-exec-2","logger":"org.hibernate.SQL","message":"
    select
        gm1_0.id,
        gm1_0.group_id,
        gm1_0.joined_at,
        gm1_0.role,
        gm1_0.user_id 
    from
        group_members gm1_0 
    where
        gm1_0.user_id=?"}
{"timestamp":"2025-10-24T09:56:04.317+0530","level":"DEBUG","traceId":"","thread":"http-nio-8080-exec-2","logger":"org.hibernate.SQL","message":"
    select
        g1_0.id,
        g1_0.created_at,
        g1_0.currency_code,
        g1_0.name,
        g1_0.owner_id 
    from
        groups g1_0 
    where
        g1_0.id=?"}
{"timestamp":"2025-10-24T09:56:04.318+0530","level":"DEBUG","traceId":"","thread":"http-nio-8080-exec-2","logger":"org.hibernate.SQL","message":"
    select
        g1_0.id,
        g1_0.created_at,
        g1_0.currency_code,
        g1_0.name,
        g1_0.owner_id 
    from
        groups g1_0 
    where
        g1_0.id=?"}
{"timestamp":"2025-10-24T09:56:04.320+0530","level":"DEBUG","traceId":"","thread":"http-nio-8080-exec-2","logger":"org.hibernate.SQL","message":"
    select
        g1_0.id,
        g1_0.created_at,
        g1_0.currency_code,
        g1_0.name,
        g1_0.owner_id 
    from
        groups g1_0 
    where
        g1_0.id=?"}
{"timestamp":"2025-10-24T09:57:13.460+0530","level":"DEBUG","traceId":"","thread":"http-nio-8080-exec-4","logger":"org.hibernate.SQL","message":"
    select
        u1_0.id,
        u1_0.created_at,
        u1_0.display_name,
        u1_0.email,
        u1_0.password,
        u1_0.role 
    from
        users u1_0 
    where
        u1_0.email=?"}
{"timestamp":"2025-10-24T09:57:13.466+0530","level":"INFO","traceId":"","thread":"http-nio-8080-exec-4","logger":"c.s.d.g.s.i.GroupMemberServiceImpl","message":"📋 Fetching members for group ee2f46b8-2cc1-4bb9-b92e-19a047818ca0"}
{"timestamp":"2025-10-24T09:57:13.467+0530","level":"DEBUG","traceId":"","thread":"http-nio-8080-exec-4","logger":"org.hibernate.SQL","message":"
    select
        g1_0.id,
        g1_0.created_at,
        g1_0.currency_code,
        g1_0.name,
        g1_0.owner_id 
    from
        groups g1_0 
    where
        g1_0.id=?"}
{"timestamp":"2025-10-24T09:57:13.471+0530","level":"DEBUG","traceId":"","thread":"http-nio-8080-exec-4","logger":"org.hibernate.SQL","message":"
    select
        gm1_0.id,
        gm1_0.group_id,
        gm1_0.joined_at,
        gm1_0.role,
        gm1_0.user_id 
    from
        group_members gm1_0 
    where
        gm1_0.group_id=?"}
{"timestamp":"2025-10-24T09:57:13.475+0530","level":"DEBUG","traceId":"","thread":"http-nio-8080-exec-4","logger":"org.hibernate.SQL","message":"
    select
        u1_0.id,
        u1_0.created_at,
        u1_0.display_name,
        u1_0.email,
        u1_0.password,
        u1_0.role 
    from
        users u1_0 
    where
        u1_0.id=?"}
{"timestamp":"2025-10-24T09:57:13.478+0530","level":"DEBUG","traceId":"","thread":"http-nio-8080-exec-4","logger":"org.hibernate.SQL","message":"
    select
        u1_0.id,
        u1_0.created_at,
        u1_0.display_name,
        u1_0.email,
        u1_0.password,
        u1_0.role 
    from
        users u1_0 
    where
        u1_0.id=?"}
{"timestamp":"2025-10-24T10:03:31.516+0530","level":"DEBUG","traceId":"","thread":"http-nio-8080-exec-9","logger":"org.hibernate.SQL","message":"
    select
        u1_0.id,
        u1_0.created_at,
        u1_0.display_name,
        u1_0.email,
        u1_0.password,
        u1_0.role 
    from
        users u1_0 
    where
        u1_0.email=?"}
{"timestamp":"2025-10-24T10:03:31.533+0530","level":"INFO","traceId":"","thread":"http-nio-8080-exec-9","logger":"c.s.d.e.controller.ExpenseController","message":"[bbd116b7-f1f5-4f67-932f-ccdcd158bc96] Received request to create expense for group null"}
{"timestamp":"2025-10-24T10:03:31.535+0530","level":"INFO","traceId":"","thread":"http-nio-8080-exec-9","logger":"c.s.d.e.s.impl.ExpenseServiceImpl","message":"[bbd116b7-f1f5-4f67-932f-ccdcd158bc96] Creating new expense in group: null, sessionId=null"}
{"timestamp":"2025-10-24T10:03:31.539+0530","level":"INFO","traceId":"","thread":"http-nio-8080-exec-9","logger":"c.s.d.e.s.impl.ExpenseServiceImpl","message":"[bbd116b7-f1f5-4f67-932f-ccdcd158bc96] Expense created successfully with ID 3076880e-c82c-4522-ad27-ad584e631576"}
{"timestamp":"2025-10-24T10:03:31.541+0530","level":"DEBUG","traceId":"","thread":"http-nio-8080-exec-9","logger":"org.hibernate.SQL","message":"
    insert 
    into
        expenses
        (amount, category, created_at, description, group_id, paid_by, split_type, id) 
    values
        (?, ?, ?, ?, ?, ?, ?, ?)"}
{"timestamp":"2025-10-24T10:03:31.544+0530","level":"WARN","traceId":"","thread":"http-nio-8080-exec-9","logger":"o.h.e.jdbc.spi.SqlExceptionHelper","message":"SQL Error: 0, SQLState: 23502"}
{"timestamp":"2025-10-24T10:03:31.545+0530","level":"ERROR","traceId":"","thread":"http-nio-8080-exec-9","logger":"o.h.e.jdbc.spi.SqlExceptionHelper","message":"ERROR: null value in column "group_id" of relation "expenses" violates not-null constraint
  Detail: Failing row contains (3076880e-c82c-4522-ad27-ad584e631576, null, 247c90e9-0b17-401f-9fd2-dad87017ca9d, Hotel booking, null, null, 2025-10-24 10:03:31.535391+05:30, 2025-10-24 10:03:31.54232+05:30, null)."}
{"timestamp":"2025-10-24T10:10:34.729+0530","level":"DEBUG","traceId":"","thread":"http-nio-8080-exec-1","logger":"org.hibernate.SQL","message":"
    select
        u1_0.id,
        u1_0.created_at,
        u1_0.display_name,
        u1_0.email,
        u1_0.password,
        u1_0.role 
    from
        users u1_0 
    where
        u1_0.email=?"}
{"timestamp":"2025-10-24T10:10:34.736+0530","level":"INFO","traceId":"","thread":"http-nio-8080-exec-1","logger":"c.s.d.e.controller.ExpenseController","message":"[6274ee9f-9697-4240-98ad-f7e78ab53a7f] Received request to create expense for group 3dce974d-c190-4999-a63e-302da3d3444b"}
{"timestamp":"2025-10-24T10:10:34.737+0530","level":"INFO","traceId":"","thread":"http-nio-8080-exec-1","logger":"c.s.d.e.s.impl.ExpenseServiceImpl","message":"[6274ee9f-9697-4240-98ad-f7e78ab53a7f] Creating new expense in group: 3dce974d-c190-4999-a63e-302da3d3444b, sessionId=null"}
{"timestamp":"2025-10-24T10:10:34.738+0530","level":"INFO","traceId":"","thread":"http-nio-8080-exec-1","logger":"c.s.d.e.s.impl.ExpenseServiceImpl","message":"[6274ee9f-9697-4240-98ad-f7e78ab53a7f] Expense created successfully with ID d9c485d6-aa6d-4d3d-803f-cab637dfeb7a"}
{"timestamp":"2025-10-24T10:10:34.739+0530","level":"DEBUG","traceId":"","thread":"http-nio-8080-exec-1","logger":"org.hibernate.SQL","message":"
    insert 
    into
        expenses
        (amount, category, created_at, description, group_id, paid_by, split_type, id) 
    values
        (?, ?, ?, ?, ?, ?, ?, ?)"}
{"timestamp":"2025-10-24T10:11:14.232+0530","level":"DEBUG","traceId":"","thread":"http-nio-8080-exec-3","logger":"org.hibernate.SQL","message":"
    select
        u1_0.id,
        u1_0.created_at,
        u1_0.display_name,
        u1_0.email,
        u1_0.password,
        u1_0.role 
    from
        users u1_0 
    where
        u1_0.email=?"}
{"timestamp":"2025-10-24T10:11:14.238+0530","level":"INFO","traceId":"","thread":"http-nio-8080-exec-3","logger":"c.s.d.g.s.impl.GroupServiceImpl","message":"📋 Fetching groups for user email: admin@settler.com"}
{"timestamp":"2025-10-24T10:11:14.241+0530","level":"DEBUG","traceId":"","thread":"http-nio-8080-exec-3","logger":"org.hibernate.SQL","message":"
    select
        u1_0.id,
        u1_0.created_at,
        u1_0.display_name,
        u1_0.email,
        u1_0.password,
        u1_0.role 
    from
        users u1_0 
    where
        u1_0.email=?"}
{"timestamp":"2025-10-24T10:11:14.245+0530","level":"DEBUG","traceId":"","thread":"http-nio-8080-exec-3","logger":"org.hibernate.SQL","message":"
    select
        gm1_0.id,
        gm1_0.group_id,
        gm1_0.joined_at,
        gm1_0.role,
        gm1_0.user_id 
    from
        group_members gm1_0 
    where
        gm1_0.user_id=?"}
{"timestamp":"2025-10-24T10:11:14.247+0530","level":"DEBUG","traceId":"","thread":"http-nio-8080-exec-3","logger":"org.hibernate.SQL","message":"
    select
        g1_0.id,
        g1_0.created_at,
        g1_0.currency_code,
        g1_0.name,
        g1_0.owner_id 
    from
        groups g1_0 
    where
        g1_0.id=?"}
{"timestamp":"2025-10-24T10:11:14.248+0530","level":"DEBUG","traceId":"","thread":"http-nio-8080-exec-3","logger":"org.hibernate.SQL","message":"
    select
        g1_0.id,
        g1_0.created_at,
        g1_0.currency_code,
        g1_0.name,
        g1_0.owner_id 
    from
        groups g1_0 
    where
        g1_0.id=?"}
{"timestamp":"2025-10-24T10:11:14.248+0530","level":"DEBUG","traceId":"","thread":"http-nio-8080-exec-3","logger":"org.hibernate.SQL","message":"
    select
        g1_0.id,
        g1_0.created_at,
        g1_0.currency_code,
        g1_0.name,
        g1_0.owner_id 
    from
        groups g1_0 
    where
        g1_0.id=?"}
{"timestamp":"2025-10-24T10:27:50.660+0530","level":"INFO","traceId":"","thread":"SpringApplicationShutdownHook","logger":"o.s.b.w.e.tomcat.GracefulShutdown","message":"Commencing graceful shutdown. Waiting for active requests to complete"}
{"timestamp":"2025-10-24T10:27:50.666+0530","level":"INFO","traceId":"","thread":"tomcat-shutdown","logger":"o.s.b.w.e.tomcat.GracefulShutdown","message":"Graceful shutdown complete"}
{"timestamp":"2025-10-24T10:27:50.686+0530","level":"INFO","traceId":"","thread":"SpringApplicationShutdownHook","logger":"o.s.o.j.LocalContainerEntityManagerFactoryBean","message":"Closing JPA EntityManagerFactory for persistence unit 'default'"}
{"timestamp":"2025-10-24T10:27:50.687+0530","level":"INFO","traceId":"","thread":"SpringApplicationShutdownHook","logger":"com.zaxxer.hikari.HikariDataSource","message":"HikariPool-1 - Shutdown initiated..."}
{"timestamp":"2025-10-24T10:27:50.688+0530","level":"INFO","traceId":"","thread":"SpringApplicationShutdownHook","logger":"com.zaxxer.hikari.HikariDataSource","message":"HikariPool-1 - Shutdown completed."}
